{"contracts/TokenA.sol":{"l":{"10":105,"11":105,"12":105,"16":110,"17":110,"18":110,"22":0,"23":0,"25":0,"26":0,"27":0,"31":0,"32":0,"33":0,"37":0,"38":0,"68":7,"69":7,"70":7,"71":7,"72":7,"73":7,"77":0,"78":0,"86":0,"94":10,"95":10,"96":10,"97":10,"105":86,"106":86,"108":86,"109":86,"110":86,"111":86,"119":12,"120":12,"121":12,"122":12,"123":12,"124":12,"125":12,"126":12,"135":0,"143":240,"147":0,"148":0,"149":0,"150":0},"path":"/home/devel-sultana/WFH/research/oro2/contracts/TokenA.sol","s":{"1":105,"2":105,"3":105,"4":110,"5":110,"6":110,"7":0,"8":0,"9":0,"10":0,"11":0,"12":0,"13":0,"14":0,"15":0,"16":0,"17":7,"18":7,"19":7,"20":7,"21":7,"22":7,"23":0,"24":0,"25":10,"26":10,"27":10,"28":10,"29":86,"30":86,"31":86,"32":86,"33":86,"34":86,"35":12,"36":12,"37":12,"38":12,"39":12,"40":12,"41":12,"42":12,"43":0,"44":240,"45":0,"46":0,"47":0,"48":0},"b":{"1":[105,0],"2":[110,0],"3":[0,0],"4":[0,0],"5":[0,0],"6":[0,0],"7":[0,0],"8":[10,0],"9":[10,0],"10":[86,0],"11":[86,0],"12":[12,0],"13":[12,0],"14":[12,0],"15":[12,0],"16":[0,0]},"f":{"1":105,"2":110,"3":0,"4":0,"5":0,"6":7,"7":0,"8":0,"9":10,"10":86,"11":12,"12":0,"13":240,"14":0},"fnMap":{"1":{"name":"add","line":9,"loc":{"start":{"line":9,"column":4},"end":{"line":13,"column":4}}},"2":{"name":"sub","line":15,"loc":{"start":{"line":15,"column":4},"end":{"line":19,"column":4}}},"3":{"name":"mul","line":21,"loc":{"start":{"line":21,"column":4},"end":{"line":28,"column":4}}},"4":{"name":"div","line":30,"loc":{"start":{"line":30,"column":4},"end":{"line":34,"column":4}}},"5":{"name":"mod","line":36,"loc":{"start":{"line":36,"column":4},"end":{"line":39,"column":4}}},"6":{"name":"constructor","line":67,"loc":{"start":{"line":67,"column":4},"end":{"line":74,"column":4}}},"7":{"name":"onlyOwner","line":76,"loc":{"start":{"line":76,"column":4},"end":{"line":79,"column":5}}},"8":{"name":"allowance","line":85,"loc":{"start":{"line":85,"column":4},"end":{"line":87,"column":4}}},"9":{"name":"approve","line":93,"loc":{"start":{"line":93,"column":4},"end":{"line":98,"column":4}}},"10":{"name":"transfer","line":104,"loc":{"start":{"line":104,"column":4},"end":{"line":112,"column":4}}},"11":{"name":"transferFrom","line":118,"loc":{"start":{"line":118,"column":4},"end":{"line":127,"column":4}}},"12":{"name":"totalSupply","line":134,"loc":{"start":{"line":134,"column":4},"end":{"line":136,"column":4}}},"13":{"name":"balanceOf","line":142,"loc":{"start":{"line":142,"column":4},"end":{"line":144,"column":4}}},"14":{"name":"mint","line":146,"loc":{"start":{"line":146,"column":3},"end":{"line":152,"column":4}}}},"statementMap":{"1":{"start":{"line":10,"column":8},"end":{"line":10,"column":25}},"2":{"start":{"line":11,"column":8},"end":{"line":11,"column":53}},"3":{"start":{"line":12,"column":8},"end":{"line":12,"column":16}},"4":{"start":{"line":16,"column":8},"end":{"line":16,"column":56}},"5":{"start":{"line":17,"column":8},"end":{"line":17,"column":25}},"6":{"start":{"line":18,"column":8},"end":{"line":18,"column":16}},"7":{"start":{"line":22,"column":8},"end":{"line":22,"column":568}},"8":{"start":{"line":23,"column":12},"end":{"line":23,"column":20}},"9":{"start":{"line":25,"column":8},"end":{"line":25,"column":25}},"10":{"start":{"line":26,"column":8},"end":{"line":26,"column":63}},"11":{"start":{"line":27,"column":8},"end":{"line":27,"column":16}},"12":{"start":{"line":31,"column":8},"end":{"line":31,"column":51}},"13":{"start":{"line":32,"column":8},"end":{"line":32,"column":25}},"14":{"start":{"line":33,"column":8},"end":{"line":33,"column":16}},"15":{"start":{"line":37,"column":8},"end":{"line":37,"column":50}},"16":{"start":{"line":38,"column":8},"end":{"line":38,"column":20}},"17":{"start":{"line":68,"column":8},"end":{"line":68,"column":23}},"18":{"start":{"line":69,"column":8},"end":{"line":69,"column":21}},"19":{"start":{"line":70,"column":8},"end":{"line":70,"column":20}},"20":{"start":{"line":71,"column":8},"end":{"line":71,"column":55}},"21":{"start":{"line":72,"column":8},"end":{"line":72,"column":25}},"22":{"start":{"line":73,"column":8},"end":{"line":73,"column":58}},"23":{"start":{"line":77,"column":8},"end":{"line":77,"column":51}},"24":{"start":{"line":86,"column":8},"end":{"line":86,"column":40}},"25":{"start":{"line":94,"column":8},"end":{"line":94,"column":49}},"26":{"start":{"line":95,"column":8},"end":{"line":95,"column":62}},"27":{"start":{"line":96,"column":8},"end":{"line":96,"column":45}},"28":{"start":{"line":97,"column":8},"end":{"line":97,"column":49}},"29":{"start":{"line":105,"column":8},"end":{"line":105,"column":44}},"30":{"start":{"line":106,"column":8},"end":{"line":106,"column":42}},"31":{"start":{"line":108,"column":8},"end":{"line":108,"column":62}},"32":{"start":{"line":109,"column":8},"end":{"line":109,"column":48}},"33":{"start":{"line":110,"column":8},"end":{"line":110,"column":44}},"34":{"start":{"line":111,"column":8},"end":{"line":111,"column":19}},"35":{"start":{"line":119,"column":8},"end":{"line":119,"column":46}},"36":{"start":{"line":120,"column":8},"end":{"line":120,"column":44}},"37":{"start":{"line":121,"column":9},"end":{"line":121,"column":66}},"38":{"start":{"line":122,"column":8},"end":{"line":122,"column":78}},"39":{"start":{"line":123,"column":8},"end":{"line":123,"column":52}},"40":{"start":{"line":124,"column":8},"end":{"line":124,"column":62}},"41":{"start":{"line":125,"column":8},"end":{"line":125,"column":74}},"42":{"start":{"line":126,"column":8},"end":{"line":126,"column":19}},"43":{"start":{"line":135,"column":8},"end":{"line":135,"column":27}},"44":{"start":{"line":143,"column":7},"end":{"line":143,"column":31}},"45":{"start":{"line":147,"column":10},"end":{"line":147,"column":73}},"46":{"start":{"line":148,"column":10},"end":{"line":148,"column":58}},"47":{"start":{"line":149,"column":10},"end":{"line":149,"column":48}},"48":{"start":{"line":150,"column":10},"end":{"line":150,"column":52}}},"branchMap":{"1":{"line":11,"type":"if","locations":[{"start":{"line":11,"column":8},"end":{"line":11,"column":8}},{"start":{"line":11,"column":8},"end":{"line":11,"column":8}}]},"2":{"line":16,"type":"if","locations":[{"start":{"line":16,"column":8},"end":{"line":16,"column":8}},{"start":{"line":16,"column":8},"end":{"line":16,"column":8}}]},"3":{"line":22,"type":"if","locations":[{"start":{"line":22,"column":8},"end":{"line":22,"column":8}},{"start":{"line":22,"column":8},"end":{"line":22,"column":8}}]},"4":{"line":26,"type":"if","locations":[{"start":{"line":26,"column":8},"end":{"line":26,"column":8}},{"start":{"line":26,"column":8},"end":{"line":26,"column":8}}]},"5":{"line":31,"type":"if","locations":[{"start":{"line":31,"column":8},"end":{"line":31,"column":8}},{"start":{"line":31,"column":8},"end":{"line":31,"column":8}}]},"6":{"line":37,"type":"if","locations":[{"start":{"line":37,"column":8},"end":{"line":37,"column":8}},{"start":{"line":37,"column":8},"end":{"line":37,"column":8}}]},"7":{"line":77,"type":"if","locations":[{"start":{"line":77,"column":8},"end":{"line":77,"column":8}},{"start":{"line":77,"column":8},"end":{"line":77,"column":8}}]},"8":{"line":94,"type":"if","locations":[{"start":{"line":94,"column":8},"end":{"line":94,"column":8}},{"start":{"line":94,"column":8},"end":{"line":94,"column":8}}]},"9":{"line":95,"type":"if","locations":[{"start":{"line":95,"column":8},"end":{"line":95,"column":8}},{"start":{"line":95,"column":8},"end":{"line":95,"column":8}}]},"10":{"line":105,"type":"if","locations":[{"start":{"line":105,"column":8},"end":{"line":105,"column":8}},{"start":{"line":105,"column":8},"end":{"line":105,"column":8}}]},"11":{"line":106,"type":"if","locations":[{"start":{"line":106,"column":8},"end":{"line":106,"column":8}},{"start":{"line":106,"column":8},"end":{"line":106,"column":8}}]},"12":{"line":119,"type":"if","locations":[{"start":{"line":119,"column":8},"end":{"line":119,"column":8}},{"start":{"line":119,"column":8},"end":{"line":119,"column":8}}]},"13":{"line":120,"type":"if","locations":[{"start":{"line":120,"column":8},"end":{"line":120,"column":8}},{"start":{"line":120,"column":8},"end":{"line":120,"column":8}}]},"14":{"line":121,"type":"if","locations":[{"start":{"line":121,"column":9},"end":{"line":121,"column":9}},{"start":{"line":121,"column":9},"end":{"line":121,"column":9}}]},"15":{"line":122,"type":"if","locations":[{"start":{"line":122,"column":8},"end":{"line":122,"column":8}},{"start":{"line":122,"column":8},"end":{"line":122,"column":8}}]},"16":{"line":147,"type":"if","locations":[{"start":{"line":147,"column":10},"end":{"line":147,"column":10}},{"start":{"line":147,"column":10},"end":{"line":147,"column":10}}]}}},"contracts/TokenB.sol":{"l":{"10":0,"11":0,"12":0,"16":0,"17":0,"18":0,"22":0,"23":0,"25":0,"26":0,"27":0,"31":0,"32":0,"33":0,"37":0,"38":0,"68":0,"69":0,"70":0,"71":0,"72":0,"73":0,"77":0,"78":0,"86":0,"94":0,"95":0,"96":0,"97":0,"105":0,"106":0,"108":0,"109":0,"110":0,"111":0,"119":0,"120":0,"121":0,"122":0,"123":0,"124":0,"125":0,"126":0,"135":0,"143":0,"147":0,"148":0,"149":0,"150":0},"path":"/home/devel-sultana/WFH/research/oro2/contracts/TokenB.sol","s":{"1":0,"2":0,"3":0,"4":0,"5":0,"6":0,"7":0,"8":0,"9":0,"10":0,"11":0,"12":0,"13":0,"14":0,"15":0,"16":0,"17":0,"18":0,"19":0,"20":0,"21":0,"22":0,"23":0,"24":0,"25":0,"26":0,"27":0,"28":0,"29":0,"30":0,"31":0,"32":0,"33":0,"34":0,"35":0,"36":0,"37":0,"38":0,"39":0,"40":0,"41":0,"42":0,"43":0,"44":0,"45":0,"46":0,"47":0,"48":0},"b":{"1":[0,0],"2":[0,0],"3":[0,0],"4":[0,0],"5":[0,0],"6":[0,0],"7":[0,0],"8":[0,0],"9":[0,0],"10":[0,0],"11":[0,0],"12":[0,0],"13":[0,0],"14":[0,0],"15":[0,0],"16":[0,0]},"f":{"1":0,"2":0,"3":0,"4":0,"5":0,"6":0,"7":0,"8":0,"9":0,"10":0,"11":0,"12":0,"13":0,"14":0},"fnMap":{"1":{"name":"add","line":9,"loc":{"start":{"line":9,"column":4},"end":{"line":13,"column":4}}},"2":{"name":"sub","line":15,"loc":{"start":{"line":15,"column":4},"end":{"line":19,"column":4}}},"3":{"name":"mul","line":21,"loc":{"start":{"line":21,"column":4},"end":{"line":28,"column":4}}},"4":{"name":"div","line":30,"loc":{"start":{"line":30,"column":4},"end":{"line":34,"column":4}}},"5":{"name":"mod","line":36,"loc":{"start":{"line":36,"column":4},"end":{"line":39,"column":4}}},"6":{"name":"constructor","line":67,"loc":{"start":{"line":67,"column":4},"end":{"line":74,"column":4}}},"7":{"name":"onlyOwner","line":76,"loc":{"start":{"line":76,"column":4},"end":{"line":79,"column":5}}},"8":{"name":"allowance","line":85,"loc":{"start":{"line":85,"column":4},"end":{"line":87,"column":4}}},"9":{"name":"approve","line":93,"loc":{"start":{"line":93,"column":4},"end":{"line":98,"column":4}}},"10":{"name":"transfer","line":104,"loc":{"start":{"line":104,"column":4},"end":{"line":112,"column":4}}},"11":{"name":"transferFrom","line":118,"loc":{"start":{"line":118,"column":4},"end":{"line":127,"column":4}}},"12":{"name":"totalSupply","line":134,"loc":{"start":{"line":134,"column":4},"end":{"line":136,"column":4}}},"13":{"name":"balanceOf","line":142,"loc":{"start":{"line":142,"column":4},"end":{"line":144,"column":4}}},"14":{"name":"mint","line":146,"loc":{"start":{"line":146,"column":3},"end":{"line":152,"column":4}}}},"statementMap":{"1":{"start":{"line":10,"column":8},"end":{"line":10,"column":25}},"2":{"start":{"line":11,"column":8},"end":{"line":11,"column":53}},"3":{"start":{"line":12,"column":8},"end":{"line":12,"column":16}},"4":{"start":{"line":16,"column":8},"end":{"line":16,"column":56}},"5":{"start":{"line":17,"column":8},"end":{"line":17,"column":25}},"6":{"start":{"line":18,"column":8},"end":{"line":18,"column":16}},"7":{"start":{"line":22,"column":8},"end":{"line":22,"column":568}},"8":{"start":{"line":23,"column":12},"end":{"line":23,"column":20}},"9":{"start":{"line":25,"column":8},"end":{"line":25,"column":25}},"10":{"start":{"line":26,"column":8},"end":{"line":26,"column":63}},"11":{"start":{"line":27,"column":8},"end":{"line":27,"column":16}},"12":{"start":{"line":31,"column":8},"end":{"line":31,"column":51}},"13":{"start":{"line":32,"column":8},"end":{"line":32,"column":25}},"14":{"start":{"line":33,"column":8},"end":{"line":33,"column":16}},"15":{"start":{"line":37,"column":8},"end":{"line":37,"column":50}},"16":{"start":{"line":38,"column":8},"end":{"line":38,"column":20}},"17":{"start":{"line":68,"column":8},"end":{"line":68,"column":23}},"18":{"start":{"line":69,"column":8},"end":{"line":69,"column":21}},"19":{"start":{"line":70,"column":8},"end":{"line":70,"column":20}},"20":{"start":{"line":71,"column":8},"end":{"line":71,"column":55}},"21":{"start":{"line":72,"column":8},"end":{"line":72,"column":25}},"22":{"start":{"line":73,"column":8},"end":{"line":73,"column":58}},"23":{"start":{"line":77,"column":8},"end":{"line":77,"column":51}},"24":{"start":{"line":86,"column":8},"end":{"line":86,"column":40}},"25":{"start":{"line":94,"column":8},"end":{"line":94,"column":49}},"26":{"start":{"line":95,"column":8},"end":{"line":95,"column":62}},"27":{"start":{"line":96,"column":8},"end":{"line":96,"column":45}},"28":{"start":{"line":97,"column":8},"end":{"line":97,"column":49}},"29":{"start":{"line":105,"column":8},"end":{"line":105,"column":44}},"30":{"start":{"line":106,"column":8},"end":{"line":106,"column":42}},"31":{"start":{"line":108,"column":8},"end":{"line":108,"column":62}},"32":{"start":{"line":109,"column":8},"end":{"line":109,"column":48}},"33":{"start":{"line":110,"column":8},"end":{"line":110,"column":44}},"34":{"start":{"line":111,"column":8},"end":{"line":111,"column":19}},"35":{"start":{"line":119,"column":8},"end":{"line":119,"column":46}},"36":{"start":{"line":120,"column":8},"end":{"line":120,"column":44}},"37":{"start":{"line":121,"column":9},"end":{"line":121,"column":66}},"38":{"start":{"line":122,"column":8},"end":{"line":122,"column":78}},"39":{"start":{"line":123,"column":8},"end":{"line":123,"column":52}},"40":{"start":{"line":124,"column":8},"end":{"line":124,"column":62}},"41":{"start":{"line":125,"column":8},"end":{"line":125,"column":74}},"42":{"start":{"line":126,"column":8},"end":{"line":126,"column":19}},"43":{"start":{"line":135,"column":8},"end":{"line":135,"column":27}},"44":{"start":{"line":143,"column":7},"end":{"line":143,"column":31}},"45":{"start":{"line":147,"column":10},"end":{"line":147,"column":73}},"46":{"start":{"line":148,"column":10},"end":{"line":148,"column":58}},"47":{"start":{"line":149,"column":10},"end":{"line":149,"column":48}},"48":{"start":{"line":150,"column":10},"end":{"line":150,"column":52}}},"branchMap":{"1":{"line":11,"type":"if","locations":[{"start":{"line":11,"column":8},"end":{"line":11,"column":8}},{"start":{"line":11,"column":8},"end":{"line":11,"column":8}}]},"2":{"line":16,"type":"if","locations":[{"start":{"line":16,"column":8},"end":{"line":16,"column":8}},{"start":{"line":16,"column":8},"end":{"line":16,"column":8}}]},"3":{"line":22,"type":"if","locations":[{"start":{"line":22,"column":8},"end":{"line":22,"column":8}},{"start":{"line":22,"column":8},"end":{"line":22,"column":8}}]},"4":{"line":26,"type":"if","locations":[{"start":{"line":26,"column":8},"end":{"line":26,"column":8}},{"start":{"line":26,"column":8},"end":{"line":26,"column":8}}]},"5":{"line":31,"type":"if","locations":[{"start":{"line":31,"column":8},"end":{"line":31,"column":8}},{"start":{"line":31,"column":8},"end":{"line":31,"column":8}}]},"6":{"line":37,"type":"if","locations":[{"start":{"line":37,"column":8},"end":{"line":37,"column":8}},{"start":{"line":37,"column":8},"end":{"line":37,"column":8}}]},"7":{"line":77,"type":"if","locations":[{"start":{"line":77,"column":8},"end":{"line":77,"column":8}},{"start":{"line":77,"column":8},"end":{"line":77,"column":8}}]},"8":{"line":94,"type":"if","locations":[{"start":{"line":94,"column":8},"end":{"line":94,"column":8}},{"start":{"line":94,"column":8},"end":{"line":94,"column":8}}]},"9":{"line":95,"type":"if","locations":[{"start":{"line":95,"column":8},"end":{"line":95,"column":8}},{"start":{"line":95,"column":8},"end":{"line":95,"column":8}}]},"10":{"line":105,"type":"if","locations":[{"start":{"line":105,"column":8},"end":{"line":105,"column":8}},{"start":{"line":105,"column":8},"end":{"line":105,"column":8}}]},"11":{"line":106,"type":"if","locations":[{"start":{"line":106,"column":8},"end":{"line":106,"column":8}},{"start":{"line":106,"column":8},"end":{"line":106,"column":8}}]},"12":{"line":119,"type":"if","locations":[{"start":{"line":119,"column":8},"end":{"line":119,"column":8}},{"start":{"line":119,"column":8},"end":{"line":119,"column":8}}]},"13":{"line":120,"type":"if","locations":[{"start":{"line":120,"column":8},"end":{"line":120,"column":8}},{"start":{"line":120,"column":8},"end":{"line":120,"column":8}}]},"14":{"line":121,"type":"if","locations":[{"start":{"line":121,"column":9},"end":{"line":121,"column":9}},{"start":{"line":121,"column":9},"end":{"line":121,"column":9}}]},"15":{"line":122,"type":"if","locations":[{"start":{"line":122,"column":8},"end":{"line":122,"column":8}},{"start":{"line":122,"column":8},"end":{"line":122,"column":8}}]},"16":{"line":147,"type":"if","locations":[{"start":{"line":147,"column":10},"end":{"line":147,"column":10}},{"start":{"line":147,"column":10},"end":{"line":147,"column":10}}]}}},"contracts/TokenC.sol":{"l":{"10":0,"11":0,"12":0,"16":0,"17":0,"18":0,"22":0,"23":0,"25":0,"26":0,"27":0,"31":0,"32":0,"33":0,"37":0,"38":0,"68":0,"69":0,"70":0,"71":0,"72":0,"73":0,"77":0,"78":0,"86":0,"94":0,"95":0,"96":0,"97":0,"105":0,"106":0,"108":0,"109":0,"110":0,"111":0,"119":0,"120":0,"121":0,"122":0,"123":0,"124":0,"125":0,"126":0,"135":0,"143":0,"147":0,"148":0,"149":0,"150":0},"path":"/home/devel-sultana/WFH/research/oro2/contracts/TokenC.sol","s":{"1":0,"2":0,"3":0,"4":0,"5":0,"6":0,"7":0,"8":0,"9":0,"10":0,"11":0,"12":0,"13":0,"14":0,"15":0,"16":0,"17":0,"18":0,"19":0,"20":0,"21":0,"22":0,"23":0,"24":0,"25":0,"26":0,"27":0,"28":0,"29":0,"30":0,"31":0,"32":0,"33":0,"34":0,"35":0,"36":0,"37":0,"38":0,"39":0,"40":0,"41":0,"42":0,"43":0,"44":0,"45":0,"46":0,"47":0,"48":0},"b":{"1":[0,0],"2":[0,0],"3":[0,0],"4":[0,0],"5":[0,0],"6":[0,0],"7":[0,0],"8":[0,0],"9":[0,0],"10":[0,0],"11":[0,0],"12":[0,0],"13":[0,0],"14":[0,0],"15":[0,0],"16":[0,0]},"f":{"1":0,"2":0,"3":0,"4":0,"5":0,"6":0,"7":0,"8":0,"9":0,"10":0,"11":0,"12":0,"13":0,"14":0},"fnMap":{"1":{"name":"add","line":9,"loc":{"start":{"line":9,"column":4},"end":{"line":13,"column":4}}},"2":{"name":"sub","line":15,"loc":{"start":{"line":15,"column":4},"end":{"line":19,"column":4}}},"3":{"name":"mul","line":21,"loc":{"start":{"line":21,"column":4},"end":{"line":28,"column":4}}},"4":{"name":"div","line":30,"loc":{"start":{"line":30,"column":4},"end":{"line":34,"column":4}}},"5":{"name":"mod","line":36,"loc":{"start":{"line":36,"column":4},"end":{"line":39,"column":4}}},"6":{"name":"constructor","line":67,"loc":{"start":{"line":67,"column":4},"end":{"line":74,"column":4}}},"7":{"name":"onlyOwner","line":76,"loc":{"start":{"line":76,"column":4},"end":{"line":79,"column":5}}},"8":{"name":"allowance","line":85,"loc":{"start":{"line":85,"column":4},"end":{"line":87,"column":4}}},"9":{"name":"approve","line":93,"loc":{"start":{"line":93,"column":4},"end":{"line":98,"column":4}}},"10":{"name":"transfer","line":104,"loc":{"start":{"line":104,"column":4},"end":{"line":112,"column":4}}},"11":{"name":"transferFrom","line":118,"loc":{"start":{"line":118,"column":4},"end":{"line":127,"column":4}}},"12":{"name":"totalSupply","line":134,"loc":{"start":{"line":134,"column":4},"end":{"line":136,"column":4}}},"13":{"name":"balanceOf","line":142,"loc":{"start":{"line":142,"column":4},"end":{"line":144,"column":4}}},"14":{"name":"mint","line":146,"loc":{"start":{"line":146,"column":3},"end":{"line":152,"column":4}}}},"statementMap":{"1":{"start":{"line":10,"column":8},"end":{"line":10,"column":25}},"2":{"start":{"line":11,"column":8},"end":{"line":11,"column":53}},"3":{"start":{"line":12,"column":8},"end":{"line":12,"column":16}},"4":{"start":{"line":16,"column":8},"end":{"line":16,"column":56}},"5":{"start":{"line":17,"column":8},"end":{"line":17,"column":25}},"6":{"start":{"line":18,"column":8},"end":{"line":18,"column":16}},"7":{"start":{"line":22,"column":8},"end":{"line":22,"column":568}},"8":{"start":{"line":23,"column":12},"end":{"line":23,"column":20}},"9":{"start":{"line":25,"column":8},"end":{"line":25,"column":25}},"10":{"start":{"line":26,"column":8},"end":{"line":26,"column":63}},"11":{"start":{"line":27,"column":8},"end":{"line":27,"column":16}},"12":{"start":{"line":31,"column":8},"end":{"line":31,"column":51}},"13":{"start":{"line":32,"column":8},"end":{"line":32,"column":25}},"14":{"start":{"line":33,"column":8},"end":{"line":33,"column":16}},"15":{"start":{"line":37,"column":8},"end":{"line":37,"column":50}},"16":{"start":{"line":38,"column":8},"end":{"line":38,"column":20}},"17":{"start":{"line":68,"column":8},"end":{"line":68,"column":23}},"18":{"start":{"line":69,"column":8},"end":{"line":69,"column":21}},"19":{"start":{"line":70,"column":8},"end":{"line":70,"column":20}},"20":{"start":{"line":71,"column":8},"end":{"line":71,"column":55}},"21":{"start":{"line":72,"column":8},"end":{"line":72,"column":25}},"22":{"start":{"line":73,"column":8},"end":{"line":73,"column":58}},"23":{"start":{"line":77,"column":8},"end":{"line":77,"column":51}},"24":{"start":{"line":86,"column":8},"end":{"line":86,"column":40}},"25":{"start":{"line":94,"column":8},"end":{"line":94,"column":49}},"26":{"start":{"line":95,"column":8},"end":{"line":95,"column":62}},"27":{"start":{"line":96,"column":8},"end":{"line":96,"column":45}},"28":{"start":{"line":97,"column":8},"end":{"line":97,"column":49}},"29":{"start":{"line":105,"column":8},"end":{"line":105,"column":44}},"30":{"start":{"line":106,"column":8},"end":{"line":106,"column":42}},"31":{"start":{"line":108,"column":8},"end":{"line":108,"column":62}},"32":{"start":{"line":109,"column":8},"end":{"line":109,"column":48}},"33":{"start":{"line":110,"column":8},"end":{"line":110,"column":44}},"34":{"start":{"line":111,"column":8},"end":{"line":111,"column":19}},"35":{"start":{"line":119,"column":8},"end":{"line":119,"column":46}},"36":{"start":{"line":120,"column":8},"end":{"line":120,"column":44}},"37":{"start":{"line":121,"column":9},"end":{"line":121,"column":66}},"38":{"start":{"line":122,"column":8},"end":{"line":122,"column":78}},"39":{"start":{"line":123,"column":8},"end":{"line":123,"column":52}},"40":{"start":{"line":124,"column":8},"end":{"line":124,"column":62}},"41":{"start":{"line":125,"column":8},"end":{"line":125,"column":74}},"42":{"start":{"line":126,"column":8},"end":{"line":126,"column":19}},"43":{"start":{"line":135,"column":8},"end":{"line":135,"column":27}},"44":{"start":{"line":143,"column":7},"end":{"line":143,"column":31}},"45":{"start":{"line":147,"column":10},"end":{"line":147,"column":73}},"46":{"start":{"line":148,"column":10},"end":{"line":148,"column":58}},"47":{"start":{"line":149,"column":10},"end":{"line":149,"column":48}},"48":{"start":{"line":150,"column":10},"end":{"line":150,"column":52}}},"branchMap":{"1":{"line":11,"type":"if","locations":[{"start":{"line":11,"column":8},"end":{"line":11,"column":8}},{"start":{"line":11,"column":8},"end":{"line":11,"column":8}}]},"2":{"line":16,"type":"if","locations":[{"start":{"line":16,"column":8},"end":{"line":16,"column":8}},{"start":{"line":16,"column":8},"end":{"line":16,"column":8}}]},"3":{"line":22,"type":"if","locations":[{"start":{"line":22,"column":8},"end":{"line":22,"column":8}},{"start":{"line":22,"column":8},"end":{"line":22,"column":8}}]},"4":{"line":26,"type":"if","locations":[{"start":{"line":26,"column":8},"end":{"line":26,"column":8}},{"start":{"line":26,"column":8},"end":{"line":26,"column":8}}]},"5":{"line":31,"type":"if","locations":[{"start":{"line":31,"column":8},"end":{"line":31,"column":8}},{"start":{"line":31,"column":8},"end":{"line":31,"column":8}}]},"6":{"line":37,"type":"if","locations":[{"start":{"line":37,"column":8},"end":{"line":37,"column":8}},{"start":{"line":37,"column":8},"end":{"line":37,"column":8}}]},"7":{"line":77,"type":"if","locations":[{"start":{"line":77,"column":8},"end":{"line":77,"column":8}},{"start":{"line":77,"column":8},"end":{"line":77,"column":8}}]},"8":{"line":94,"type":"if","locations":[{"start":{"line":94,"column":8},"end":{"line":94,"column":8}},{"start":{"line":94,"column":8},"end":{"line":94,"column":8}}]},"9":{"line":95,"type":"if","locations":[{"start":{"line":95,"column":8},"end":{"line":95,"column":8}},{"start":{"line":95,"column":8},"end":{"line":95,"column":8}}]},"10":{"line":105,"type":"if","locations":[{"start":{"line":105,"column":8},"end":{"line":105,"column":8}},{"start":{"line":105,"column":8},"end":{"line":105,"column":8}}]},"11":{"line":106,"type":"if","locations":[{"start":{"line":106,"column":8},"end":{"line":106,"column":8}},{"start":{"line":106,"column":8},"end":{"line":106,"column":8}}]},"12":{"line":119,"type":"if","locations":[{"start":{"line":119,"column":8},"end":{"line":119,"column":8}},{"start":{"line":119,"column":8},"end":{"line":119,"column":8}}]},"13":{"line":120,"type":"if","locations":[{"start":{"line":120,"column":8},"end":{"line":120,"column":8}},{"start":{"line":120,"column":8},"end":{"line":120,"column":8}}]},"14":{"line":121,"type":"if","locations":[{"start":{"line":121,"column":9},"end":{"line":121,"column":9}},{"start":{"line":121,"column":9},"end":{"line":121,"column":9}}]},"15":{"line":122,"type":"if","locations":[{"start":{"line":122,"column":8},"end":{"line":122,"column":8}},{"start":{"line":122,"column":8},"end":{"line":122,"column":8}}]},"16":{"line":147,"type":"if","locations":[{"start":{"line":147,"column":10},"end":{"line":147,"column":10}},{"start":{"line":147,"column":10},"end":{"line":147,"column":10}}]}}},"contracts/TokenD.sol":{"l":{"10":0,"11":0,"12":0,"16":0,"17":0,"18":0,"22":0,"23":0,"25":0,"26":0,"27":0,"31":0,"32":0,"33":0,"37":0,"38":0,"68":0,"69":0,"70":0,"71":0,"72":0,"73":0,"77":0,"78":0,"86":0,"94":0,"95":0,"96":0,"97":0,"105":0,"106":0,"108":0,"109":0,"110":0,"111":0,"119":0,"120":0,"121":0,"122":0,"123":0,"124":0,"125":0,"126":0,"135":0,"143":0,"147":0,"148":0,"149":0,"150":0},"path":"/home/devel-sultana/WFH/research/oro2/contracts/TokenD.sol","s":{"1":0,"2":0,"3":0,"4":0,"5":0,"6":0,"7":0,"8":0,"9":0,"10":0,"11":0,"12":0,"13":0,"14":0,"15":0,"16":0,"17":0,"18":0,"19":0,"20":0,"21":0,"22":0,"23":0,"24":0,"25":0,"26":0,"27":0,"28":0,"29":0,"30":0,"31":0,"32":0,"33":0,"34":0,"35":0,"36":0,"37":0,"38":0,"39":0,"40":0,"41":0,"42":0,"43":0,"44":0,"45":0,"46":0,"47":0,"48":0},"b":{"1":[0,0],"2":[0,0],"3":[0,0],"4":[0,0],"5":[0,0],"6":[0,0],"7":[0,0],"8":[0,0],"9":[0,0],"10":[0,0],"11":[0,0],"12":[0,0],"13":[0,0],"14":[0,0],"15":[0,0],"16":[0,0]},"f":{"1":0,"2":0,"3":0,"4":0,"5":0,"6":0,"7":0,"8":0,"9":0,"10":0,"11":0,"12":0,"13":0,"14":0},"fnMap":{"1":{"name":"add","line":9,"loc":{"start":{"line":9,"column":4},"end":{"line":13,"column":4}}},"2":{"name":"sub","line":15,"loc":{"start":{"line":15,"column":4},"end":{"line":19,"column":4}}},"3":{"name":"mul","line":21,"loc":{"start":{"line":21,"column":4},"end":{"line":28,"column":4}}},"4":{"name":"div","line":30,"loc":{"start":{"line":30,"column":4},"end":{"line":34,"column":4}}},"5":{"name":"mod","line":36,"loc":{"start":{"line":36,"column":4},"end":{"line":39,"column":4}}},"6":{"name":"constructor","line":67,"loc":{"start":{"line":67,"column":4},"end":{"line":74,"column":4}}},"7":{"name":"onlyOwner","line":76,"loc":{"start":{"line":76,"column":4},"end":{"line":79,"column":5}}},"8":{"name":"allowance","line":85,"loc":{"start":{"line":85,"column":4},"end":{"line":87,"column":4}}},"9":{"name":"approve","line":93,"loc":{"start":{"line":93,"column":4},"end":{"line":98,"column":4}}},"10":{"name":"transfer","line":104,"loc":{"start":{"line":104,"column":4},"end":{"line":112,"column":4}}},"11":{"name":"transferFrom","line":118,"loc":{"start":{"line":118,"column":4},"end":{"line":127,"column":4}}},"12":{"name":"totalSupply","line":134,"loc":{"start":{"line":134,"column":4},"end":{"line":136,"column":4}}},"13":{"name":"balanceOf","line":142,"loc":{"start":{"line":142,"column":4},"end":{"line":144,"column":4}}},"14":{"name":"mint","line":146,"loc":{"start":{"line":146,"column":3},"end":{"line":152,"column":4}}}},"statementMap":{"1":{"start":{"line":10,"column":8},"end":{"line":10,"column":25}},"2":{"start":{"line":11,"column":8},"end":{"line":11,"column":53}},"3":{"start":{"line":12,"column":8},"end":{"line":12,"column":16}},"4":{"start":{"line":16,"column":8},"end":{"line":16,"column":56}},"5":{"start":{"line":17,"column":8},"end":{"line":17,"column":25}},"6":{"start":{"line":18,"column":8},"end":{"line":18,"column":16}},"7":{"start":{"line":22,"column":8},"end":{"line":22,"column":568}},"8":{"start":{"line":23,"column":12},"end":{"line":23,"column":20}},"9":{"start":{"line":25,"column":8},"end":{"line":25,"column":25}},"10":{"start":{"line":26,"column":8},"end":{"line":26,"column":63}},"11":{"start":{"line":27,"column":8},"end":{"line":27,"column":16}},"12":{"start":{"line":31,"column":8},"end":{"line":31,"column":51}},"13":{"start":{"line":32,"column":8},"end":{"line":32,"column":25}},"14":{"start":{"line":33,"column":8},"end":{"line":33,"column":16}},"15":{"start":{"line":37,"column":8},"end":{"line":37,"column":50}},"16":{"start":{"line":38,"column":8},"end":{"line":38,"column":20}},"17":{"start":{"line":68,"column":8},"end":{"line":68,"column":23}},"18":{"start":{"line":69,"column":8},"end":{"line":69,"column":21}},"19":{"start":{"line":70,"column":8},"end":{"line":70,"column":20}},"20":{"start":{"line":71,"column":8},"end":{"line":71,"column":55}},"21":{"start":{"line":72,"column":8},"end":{"line":72,"column":25}},"22":{"start":{"line":73,"column":8},"end":{"line":73,"column":58}},"23":{"start":{"line":77,"column":8},"end":{"line":77,"column":51}},"24":{"start":{"line":86,"column":8},"end":{"line":86,"column":40}},"25":{"start":{"line":94,"column":8},"end":{"line":94,"column":49}},"26":{"start":{"line":95,"column":8},"end":{"line":95,"column":62}},"27":{"start":{"line":96,"column":8},"end":{"line":96,"column":45}},"28":{"start":{"line":97,"column":8},"end":{"line":97,"column":49}},"29":{"start":{"line":105,"column":8},"end":{"line":105,"column":44}},"30":{"start":{"line":106,"column":8},"end":{"line":106,"column":42}},"31":{"start":{"line":108,"column":8},"end":{"line":108,"column":62}},"32":{"start":{"line":109,"column":8},"end":{"line":109,"column":48}},"33":{"start":{"line":110,"column":8},"end":{"line":110,"column":44}},"34":{"start":{"line":111,"column":8},"end":{"line":111,"column":19}},"35":{"start":{"line":119,"column":8},"end":{"line":119,"column":46}},"36":{"start":{"line":120,"column":8},"end":{"line":120,"column":44}},"37":{"start":{"line":121,"column":9},"end":{"line":121,"column":66}},"38":{"start":{"line":122,"column":8},"end":{"line":122,"column":78}},"39":{"start":{"line":123,"column":8},"end":{"line":123,"column":52}},"40":{"start":{"line":124,"column":8},"end":{"line":124,"column":62}},"41":{"start":{"line":125,"column":8},"end":{"line":125,"column":74}},"42":{"start":{"line":126,"column":8},"end":{"line":126,"column":19}},"43":{"start":{"line":135,"column":8},"end":{"line":135,"column":27}},"44":{"start":{"line":143,"column":7},"end":{"line":143,"column":31}},"45":{"start":{"line":147,"column":10},"end":{"line":147,"column":73}},"46":{"start":{"line":148,"column":10},"end":{"line":148,"column":58}},"47":{"start":{"line":149,"column":10},"end":{"line":149,"column":48}},"48":{"start":{"line":150,"column":10},"end":{"line":150,"column":52}}},"branchMap":{"1":{"line":11,"type":"if","locations":[{"start":{"line":11,"column":8},"end":{"line":11,"column":8}},{"start":{"line":11,"column":8},"end":{"line":11,"column":8}}]},"2":{"line":16,"type":"if","locations":[{"start":{"line":16,"column":8},"end":{"line":16,"column":8}},{"start":{"line":16,"column":8},"end":{"line":16,"column":8}}]},"3":{"line":22,"type":"if","locations":[{"start":{"line":22,"column":8},"end":{"line":22,"column":8}},{"start":{"line":22,"column":8},"end":{"line":22,"column":8}}]},"4":{"line":26,"type":"if","locations":[{"start":{"line":26,"column":8},"end":{"line":26,"column":8}},{"start":{"line":26,"column":8},"end":{"line":26,"column":8}}]},"5":{"line":31,"type":"if","locations":[{"start":{"line":31,"column":8},"end":{"line":31,"column":8}},{"start":{"line":31,"column":8},"end":{"line":31,"column":8}}]},"6":{"line":37,"type":"if","locations":[{"start":{"line":37,"column":8},"end":{"line":37,"column":8}},{"start":{"line":37,"column":8},"end":{"line":37,"column":8}}]},"7":{"line":77,"type":"if","locations":[{"start":{"line":77,"column":8},"end":{"line":77,"column":8}},{"start":{"line":77,"column":8},"end":{"line":77,"column":8}}]},"8":{"line":94,"type":"if","locations":[{"start":{"line":94,"column":8},"end":{"line":94,"column":8}},{"start":{"line":94,"column":8},"end":{"line":94,"column":8}}]},"9":{"line":95,"type":"if","locations":[{"start":{"line":95,"column":8},"end":{"line":95,"column":8}},{"start":{"line":95,"column":8},"end":{"line":95,"column":8}}]},"10":{"line":105,"type":"if","locations":[{"start":{"line":105,"column":8},"end":{"line":105,"column":8}},{"start":{"line":105,"column":8},"end":{"line":105,"column":8}}]},"11":{"line":106,"type":"if","locations":[{"start":{"line":106,"column":8},"end":{"line":106,"column":8}},{"start":{"line":106,"column":8},"end":{"line":106,"column":8}}]},"12":{"line":119,"type":"if","locations":[{"start":{"line":119,"column":8},"end":{"line":119,"column":8}},{"start":{"line":119,"column":8},"end":{"line":119,"column":8}}]},"13":{"line":120,"type":"if","locations":[{"start":{"line":120,"column":8},"end":{"line":120,"column":8}},{"start":{"line":120,"column":8},"end":{"line":120,"column":8}}]},"14":{"line":121,"type":"if","locations":[{"start":{"line":121,"column":9},"end":{"line":121,"column":9}},{"start":{"line":121,"column":9},"end":{"line":121,"column":9}}]},"15":{"line":122,"type":"if","locations":[{"start":{"line":122,"column":8},"end":{"line":122,"column":8}},{"start":{"line":122,"column":8},"end":{"line":122,"column":8}}]},"16":{"line":147,"type":"if","locations":[{"start":{"line":147,"column":10},"end":{"line":147,"column":10}},{"start":{"line":147,"column":10},"end":{"line":147,"column":10}}]}}},"contracts/TokenE.sol":{"l":{"10":0,"11":0,"12":0,"16":0,"17":0,"18":0,"22":0,"23":0,"25":0,"26":0,"27":0,"31":0,"32":0,"33":0,"37":0,"38":0,"68":0,"69":0,"70":0,"71":0,"72":0,"73":0,"77":0,"78":0,"86":0,"94":0,"95":0,"96":0,"97":0,"105":0,"106":0,"108":0,"109":0,"110":0,"111":0,"119":0,"120":0,"121":0,"122":0,"123":0,"124":0,"125":0,"126":0,"135":0,"143":0,"147":0,"148":0,"149":0,"150":0},"path":"/home/devel-sultana/WFH/research/oro2/contracts/TokenE.sol","s":{"1":0,"2":0,"3":0,"4":0,"5":0,"6":0,"7":0,"8":0,"9":0,"10":0,"11":0,"12":0,"13":0,"14":0,"15":0,"16":0,"17":0,"18":0,"19":0,"20":0,"21":0,"22":0,"23":0,"24":0,"25":0,"26":0,"27":0,"28":0,"29":0,"30":0,"31":0,"32":0,"33":0,"34":0,"35":0,"36":0,"37":0,"38":0,"39":0,"40":0,"41":0,"42":0,"43":0,"44":0,"45":0,"46":0,"47":0,"48":0},"b":{"1":[0,0],"2":[0,0],"3":[0,0],"4":[0,0],"5":[0,0],"6":[0,0],"7":[0,0],"8":[0,0],"9":[0,0],"10":[0,0],"11":[0,0],"12":[0,0],"13":[0,0],"14":[0,0],"15":[0,0],"16":[0,0]},"f":{"1":0,"2":0,"3":0,"4":0,"5":0,"6":0,"7":0,"8":0,"9":0,"10":0,"11":0,"12":0,"13":0,"14":0},"fnMap":{"1":{"name":"add","line":9,"loc":{"start":{"line":9,"column":4},"end":{"line":13,"column":4}}},"2":{"name":"sub","line":15,"loc":{"start":{"line":15,"column":4},"end":{"line":19,"column":4}}},"3":{"name":"mul","line":21,"loc":{"start":{"line":21,"column":4},"end":{"line":28,"column":4}}},"4":{"name":"div","line":30,"loc":{"start":{"line":30,"column":4},"end":{"line":34,"column":4}}},"5":{"name":"mod","line":36,"loc":{"start":{"line":36,"column":4},"end":{"line":39,"column":4}}},"6":{"name":"constructor","line":67,"loc":{"start":{"line":67,"column":4},"end":{"line":74,"column":4}}},"7":{"name":"onlyOwner","line":76,"loc":{"start":{"line":76,"column":4},"end":{"line":79,"column":5}}},"8":{"name":"allowance","line":85,"loc":{"start":{"line":85,"column":4},"end":{"line":87,"column":4}}},"9":{"name":"approve","line":93,"loc":{"start":{"line":93,"column":4},"end":{"line":98,"column":4}}},"10":{"name":"transfer","line":104,"loc":{"start":{"line":104,"column":4},"end":{"line":112,"column":4}}},"11":{"name":"transferFrom","line":118,"loc":{"start":{"line":118,"column":4},"end":{"line":127,"column":4}}},"12":{"name":"totalSupply","line":134,"loc":{"start":{"line":134,"column":4},"end":{"line":136,"column":4}}},"13":{"name":"balanceOf","line":142,"loc":{"start":{"line":142,"column":4},"end":{"line":144,"column":4}}},"14":{"name":"mint","line":146,"loc":{"start":{"line":146,"column":3},"end":{"line":152,"column":4}}}},"statementMap":{"1":{"start":{"line":10,"column":8},"end":{"line":10,"column":25}},"2":{"start":{"line":11,"column":8},"end":{"line":11,"column":53}},"3":{"start":{"line":12,"column":8},"end":{"line":12,"column":16}},"4":{"start":{"line":16,"column":8},"end":{"line":16,"column":56}},"5":{"start":{"line":17,"column":8},"end":{"line":17,"column":25}},"6":{"start":{"line":18,"column":8},"end":{"line":18,"column":16}},"7":{"start":{"line":22,"column":8},"end":{"line":22,"column":568}},"8":{"start":{"line":23,"column":12},"end":{"line":23,"column":20}},"9":{"start":{"line":25,"column":8},"end":{"line":25,"column":25}},"10":{"start":{"line":26,"column":8},"end":{"line":26,"column":63}},"11":{"start":{"line":27,"column":8},"end":{"line":27,"column":16}},"12":{"start":{"line":31,"column":8},"end":{"line":31,"column":51}},"13":{"start":{"line":32,"column":8},"end":{"line":32,"column":25}},"14":{"start":{"line":33,"column":8},"end":{"line":33,"column":16}},"15":{"start":{"line":37,"column":8},"end":{"line":37,"column":50}},"16":{"start":{"line":38,"column":8},"end":{"line":38,"column":20}},"17":{"start":{"line":68,"column":8},"end":{"line":68,"column":23}},"18":{"start":{"line":69,"column":8},"end":{"line":69,"column":21}},"19":{"start":{"line":70,"column":8},"end":{"line":70,"column":20}},"20":{"start":{"line":71,"column":8},"end":{"line":71,"column":55}},"21":{"start":{"line":72,"column":8},"end":{"line":72,"column":25}},"22":{"start":{"line":73,"column":8},"end":{"line":73,"column":58}},"23":{"start":{"line":77,"column":8},"end":{"line":77,"column":51}},"24":{"start":{"line":86,"column":8},"end":{"line":86,"column":40}},"25":{"start":{"line":94,"column":8},"end":{"line":94,"column":49}},"26":{"start":{"line":95,"column":8},"end":{"line":95,"column":62}},"27":{"start":{"line":96,"column":8},"end":{"line":96,"column":45}},"28":{"start":{"line":97,"column":8},"end":{"line":97,"column":49}},"29":{"start":{"line":105,"column":8},"end":{"line":105,"column":44}},"30":{"start":{"line":106,"column":8},"end":{"line":106,"column":42}},"31":{"start":{"line":108,"column":8},"end":{"line":108,"column":62}},"32":{"start":{"line":109,"column":8},"end":{"line":109,"column":48}},"33":{"start":{"line":110,"column":8},"end":{"line":110,"column":44}},"34":{"start":{"line":111,"column":8},"end":{"line":111,"column":19}},"35":{"start":{"line":119,"column":8},"end":{"line":119,"column":46}},"36":{"start":{"line":120,"column":8},"end":{"line":120,"column":44}},"37":{"start":{"line":121,"column":9},"end":{"line":121,"column":66}},"38":{"start":{"line":122,"column":8},"end":{"line":122,"column":78}},"39":{"start":{"line":123,"column":8},"end":{"line":123,"column":52}},"40":{"start":{"line":124,"column":8},"end":{"line":124,"column":62}},"41":{"start":{"line":125,"column":8},"end":{"line":125,"column":74}},"42":{"start":{"line":126,"column":8},"end":{"line":126,"column":19}},"43":{"start":{"line":135,"column":8},"end":{"line":135,"column":27}},"44":{"start":{"line":143,"column":7},"end":{"line":143,"column":31}},"45":{"start":{"line":147,"column":10},"end":{"line":147,"column":73}},"46":{"start":{"line":148,"column":10},"end":{"line":148,"column":58}},"47":{"start":{"line":149,"column":10},"end":{"line":149,"column":48}},"48":{"start":{"line":150,"column":10},"end":{"line":150,"column":52}}},"branchMap":{"1":{"line":11,"type":"if","locations":[{"start":{"line":11,"column":8},"end":{"line":11,"column":8}},{"start":{"line":11,"column":8},"end":{"line":11,"column":8}}]},"2":{"line":16,"type":"if","locations":[{"start":{"line":16,"column":8},"end":{"line":16,"column":8}},{"start":{"line":16,"column":8},"end":{"line":16,"column":8}}]},"3":{"line":22,"type":"if","locations":[{"start":{"line":22,"column":8},"end":{"line":22,"column":8}},{"start":{"line":22,"column":8},"end":{"line":22,"column":8}}]},"4":{"line":26,"type":"if","locations":[{"start":{"line":26,"column":8},"end":{"line":26,"column":8}},{"start":{"line":26,"column":8},"end":{"line":26,"column":8}}]},"5":{"line":31,"type":"if","locations":[{"start":{"line":31,"column":8},"end":{"line":31,"column":8}},{"start":{"line":31,"column":8},"end":{"line":31,"column":8}}]},"6":{"line":37,"type":"if","locations":[{"start":{"line":37,"column":8},"end":{"line":37,"column":8}},{"start":{"line":37,"column":8},"end":{"line":37,"column":8}}]},"7":{"line":77,"type":"if","locations":[{"start":{"line":77,"column":8},"end":{"line":77,"column":8}},{"start":{"line":77,"column":8},"end":{"line":77,"column":8}}]},"8":{"line":94,"type":"if","locations":[{"start":{"line":94,"column":8},"end":{"line":94,"column":8}},{"start":{"line":94,"column":8},"end":{"line":94,"column":8}}]},"9":{"line":95,"type":"if","locations":[{"start":{"line":95,"column":8},"end":{"line":95,"column":8}},{"start":{"line":95,"column":8},"end":{"line":95,"column":8}}]},"10":{"line":105,"type":"if","locations":[{"start":{"line":105,"column":8},"end":{"line":105,"column":8}},{"start":{"line":105,"column":8},"end":{"line":105,"column":8}}]},"11":{"line":106,"type":"if","locations":[{"start":{"line":106,"column":8},"end":{"line":106,"column":8}},{"start":{"line":106,"column":8},"end":{"line":106,"column":8}}]},"12":{"line":119,"type":"if","locations":[{"start":{"line":119,"column":8},"end":{"line":119,"column":8}},{"start":{"line":119,"column":8},"end":{"line":119,"column":8}}]},"13":{"line":120,"type":"if","locations":[{"start":{"line":120,"column":8},"end":{"line":120,"column":8}},{"start":{"line":120,"column":8},"end":{"line":120,"column":8}}]},"14":{"line":121,"type":"if","locations":[{"start":{"line":121,"column":9},"end":{"line":121,"column":9}},{"start":{"line":121,"column":9},"end":{"line":121,"column":9}}]},"15":{"line":122,"type":"if","locations":[{"start":{"line":122,"column":8},"end":{"line":122,"column":8}},{"start":{"line":122,"column":8},"end":{"line":122,"column":8}}]},"16":{"line":147,"type":"if","locations":[{"start":{"line":147,"column":10},"end":{"line":147,"column":10}},{"start":{"line":147,"column":10},"end":{"line":147,"column":10}}]}}},"contracts/TokenF.sol":{"l":{"10":0,"11":0,"12":0,"16":0,"17":0,"18":0,"22":0,"23":0,"25":0,"26":0,"27":0,"31":0,"32":0,"33":0,"37":0,"38":0,"68":0,"69":0,"70":0,"71":0,"72":0,"73":0,"77":0,"78":0,"86":0,"94":0,"95":0,"96":0,"97":0,"105":0,"106":0,"108":0,"109":0,"110":0,"111":0,"119":0,"120":0,"121":0,"122":0,"123":0,"124":0,"125":0,"126":0,"135":0,"143":0,"147":0,"148":0,"149":0,"150":0},"path":"/home/devel-sultana/WFH/research/oro2/contracts/TokenF.sol","s":{"1":0,"2":0,"3":0,"4":0,"5":0,"6":0,"7":0,"8":0,"9":0,"10":0,"11":0,"12":0,"13":0,"14":0,"15":0,"16":0,"17":0,"18":0,"19":0,"20":0,"21":0,"22":0,"23":0,"24":0,"25":0,"26":0,"27":0,"28":0,"29":0,"30":0,"31":0,"32":0,"33":0,"34":0,"35":0,"36":0,"37":0,"38":0,"39":0,"40":0,"41":0,"42":0,"43":0,"44":0,"45":0,"46":0,"47":0,"48":0},"b":{"1":[0,0],"2":[0,0],"3":[0,0],"4":[0,0],"5":[0,0],"6":[0,0],"7":[0,0],"8":[0,0],"9":[0,0],"10":[0,0],"11":[0,0],"12":[0,0],"13":[0,0],"14":[0,0],"15":[0,0],"16":[0,0]},"f":{"1":0,"2":0,"3":0,"4":0,"5":0,"6":0,"7":0,"8":0,"9":0,"10":0,"11":0,"12":0,"13":0,"14":0},"fnMap":{"1":{"name":"add","line":9,"loc":{"start":{"line":9,"column":4},"end":{"line":13,"column":4}}},"2":{"name":"sub","line":15,"loc":{"start":{"line":15,"column":4},"end":{"line":19,"column":4}}},"3":{"name":"mul","line":21,"loc":{"start":{"line":21,"column":4},"end":{"line":28,"column":4}}},"4":{"name":"div","line":30,"loc":{"start":{"line":30,"column":4},"end":{"line":34,"column":4}}},"5":{"name":"mod","line":36,"loc":{"start":{"line":36,"column":4},"end":{"line":39,"column":4}}},"6":{"name":"constructor","line":67,"loc":{"start":{"line":67,"column":4},"end":{"line":74,"column":4}}},"7":{"name":"onlyOwner","line":76,"loc":{"start":{"line":76,"column":4},"end":{"line":79,"column":5}}},"8":{"name":"allowance","line":85,"loc":{"start":{"line":85,"column":4},"end":{"line":87,"column":4}}},"9":{"name":"approve","line":93,"loc":{"start":{"line":93,"column":4},"end":{"line":98,"column":4}}},"10":{"name":"transfer","line":104,"loc":{"start":{"line":104,"column":4},"end":{"line":112,"column":4}}},"11":{"name":"transferFrom","line":118,"loc":{"start":{"line":118,"column":4},"end":{"line":127,"column":4}}},"12":{"name":"totalSupply","line":134,"loc":{"start":{"line":134,"column":4},"end":{"line":136,"column":4}}},"13":{"name":"balanceOf","line":142,"loc":{"start":{"line":142,"column":4},"end":{"line":144,"column":4}}},"14":{"name":"mint","line":146,"loc":{"start":{"line":146,"column":3},"end":{"line":152,"column":4}}}},"statementMap":{"1":{"start":{"line":10,"column":8},"end":{"line":10,"column":25}},"2":{"start":{"line":11,"column":8},"end":{"line":11,"column":53}},"3":{"start":{"line":12,"column":8},"end":{"line":12,"column":16}},"4":{"start":{"line":16,"column":8},"end":{"line":16,"column":56}},"5":{"start":{"line":17,"column":8},"end":{"line":17,"column":25}},"6":{"start":{"line":18,"column":8},"end":{"line":18,"column":16}},"7":{"start":{"line":22,"column":8},"end":{"line":22,"column":568}},"8":{"start":{"line":23,"column":12},"end":{"line":23,"column":20}},"9":{"start":{"line":25,"column":8},"end":{"line":25,"column":25}},"10":{"start":{"line":26,"column":8},"end":{"line":26,"column":63}},"11":{"start":{"line":27,"column":8},"end":{"line":27,"column":16}},"12":{"start":{"line":31,"column":8},"end":{"line":31,"column":51}},"13":{"start":{"line":32,"column":8},"end":{"line":32,"column":25}},"14":{"start":{"line":33,"column":8},"end":{"line":33,"column":16}},"15":{"start":{"line":37,"column":8},"end":{"line":37,"column":50}},"16":{"start":{"line":38,"column":8},"end":{"line":38,"column":20}},"17":{"start":{"line":68,"column":8},"end":{"line":68,"column":23}},"18":{"start":{"line":69,"column":8},"end":{"line":69,"column":21}},"19":{"start":{"line":70,"column":8},"end":{"line":70,"column":20}},"20":{"start":{"line":71,"column":8},"end":{"line":71,"column":55}},"21":{"start":{"line":72,"column":8},"end":{"line":72,"column":25}},"22":{"start":{"line":73,"column":8},"end":{"line":73,"column":58}},"23":{"start":{"line":77,"column":8},"end":{"line":77,"column":51}},"24":{"start":{"line":86,"column":8},"end":{"line":86,"column":40}},"25":{"start":{"line":94,"column":8},"end":{"line":94,"column":49}},"26":{"start":{"line":95,"column":8},"end":{"line":95,"column":62}},"27":{"start":{"line":96,"column":8},"end":{"line":96,"column":45}},"28":{"start":{"line":97,"column":8},"end":{"line":97,"column":49}},"29":{"start":{"line":105,"column":8},"end":{"line":105,"column":44}},"30":{"start":{"line":106,"column":8},"end":{"line":106,"column":42}},"31":{"start":{"line":108,"column":8},"end":{"line":108,"column":62}},"32":{"start":{"line":109,"column":8},"end":{"line":109,"column":48}},"33":{"start":{"line":110,"column":8},"end":{"line":110,"column":44}},"34":{"start":{"line":111,"column":8},"end":{"line":111,"column":19}},"35":{"start":{"line":119,"column":8},"end":{"line":119,"column":46}},"36":{"start":{"line":120,"column":8},"end":{"line":120,"column":44}},"37":{"start":{"line":121,"column":9},"end":{"line":121,"column":66}},"38":{"start":{"line":122,"column":8},"end":{"line":122,"column":78}},"39":{"start":{"line":123,"column":8},"end":{"line":123,"column":52}},"40":{"start":{"line":124,"column":8},"end":{"line":124,"column":62}},"41":{"start":{"line":125,"column":8},"end":{"line":125,"column":74}},"42":{"start":{"line":126,"column":8},"end":{"line":126,"column":19}},"43":{"start":{"line":135,"column":8},"end":{"line":135,"column":27}},"44":{"start":{"line":143,"column":7},"end":{"line":143,"column":31}},"45":{"start":{"line":147,"column":10},"end":{"line":147,"column":73}},"46":{"start":{"line":148,"column":10},"end":{"line":148,"column":58}},"47":{"start":{"line":149,"column":10},"end":{"line":149,"column":48}},"48":{"start":{"line":150,"column":10},"end":{"line":150,"column":52}}},"branchMap":{"1":{"line":11,"type":"if","locations":[{"start":{"line":11,"column":8},"end":{"line":11,"column":8}},{"start":{"line":11,"column":8},"end":{"line":11,"column":8}}]},"2":{"line":16,"type":"if","locations":[{"start":{"line":16,"column":8},"end":{"line":16,"column":8}},{"start":{"line":16,"column":8},"end":{"line":16,"column":8}}]},"3":{"line":22,"type":"if","locations":[{"start":{"line":22,"column":8},"end":{"line":22,"column":8}},{"start":{"line":22,"column":8},"end":{"line":22,"column":8}}]},"4":{"line":26,"type":"if","locations":[{"start":{"line":26,"column":8},"end":{"line":26,"column":8}},{"start":{"line":26,"column":8},"end":{"line":26,"column":8}}]},"5":{"line":31,"type":"if","locations":[{"start":{"line":31,"column":8},"end":{"line":31,"column":8}},{"start":{"line":31,"column":8},"end":{"line":31,"column":8}}]},"6":{"line":37,"type":"if","locations":[{"start":{"line":37,"column":8},"end":{"line":37,"column":8}},{"start":{"line":37,"column":8},"end":{"line":37,"column":8}}]},"7":{"line":77,"type":"if","locations":[{"start":{"line":77,"column":8},"end":{"line":77,"column":8}},{"start":{"line":77,"column":8},"end":{"line":77,"column":8}}]},"8":{"line":94,"type":"if","locations":[{"start":{"line":94,"column":8},"end":{"line":94,"column":8}},{"start":{"line":94,"column":8},"end":{"line":94,"column":8}}]},"9":{"line":95,"type":"if","locations":[{"start":{"line":95,"column":8},"end":{"line":95,"column":8}},{"start":{"line":95,"column":8},"end":{"line":95,"column":8}}]},"10":{"line":105,"type":"if","locations":[{"start":{"line":105,"column":8},"end":{"line":105,"column":8}},{"start":{"line":105,"column":8},"end":{"line":105,"column":8}}]},"11":{"line":106,"type":"if","locations":[{"start":{"line":106,"column":8},"end":{"line":106,"column":8}},{"start":{"line":106,"column":8},"end":{"line":106,"column":8}}]},"12":{"line":119,"type":"if","locations":[{"start":{"line":119,"column":8},"end":{"line":119,"column":8}},{"start":{"line":119,"column":8},"end":{"line":119,"column":8}}]},"13":{"line":120,"type":"if","locations":[{"start":{"line":120,"column":8},"end":{"line":120,"column":8}},{"start":{"line":120,"column":8},"end":{"line":120,"column":8}}]},"14":{"line":121,"type":"if","locations":[{"start":{"line":121,"column":9},"end":{"line":121,"column":9}},{"start":{"line":121,"column":9},"end":{"line":121,"column":9}}]},"15":{"line":122,"type":"if","locations":[{"start":{"line":122,"column":8},"end":{"line":122,"column":8}},{"start":{"line":122,"column":8},"end":{"line":122,"column":8}}]},"16":{"line":147,"type":"if","locations":[{"start":{"line":147,"column":10},"end":{"line":147,"column":10}},{"start":{"line":147,"column":10},"end":{"line":147,"column":10}}]}}},"contracts/Unifarm.sol":{"l":{"113":36,"114":36,"116":36,"130":93,"144":93,"145":93,"147":93,"164":102,"165":0,"168":102,"169":102,"171":102,"187":62,"203":62,"204":62,"207":62,"223":0,"239":0,"240":0,"259":50,"263":0,"264":0,"294":1,"295":1,"296":1,"303":0,"310":49,"311":49,"322":0,"323":0,"331":0,"332":0,"333":0,"363":6,"364":6,"366":6,"367":6,"368":6,"369":6,"371":6,"372":6,"376":36,"377":36,"381":6,"383":6,"384":36,"385":36,"386":36,"392":0,"393":0,"394":0,"395":0,"400":0,"404":0,"406":0,"407":0,"408":0,"413":1,"414":1,"415":1,"419":0,"420":0,"451":12,"452":12,"453":12,"455":12,"456":12,"457":12,"458":12,"459":12,"460":12,"461":12,"462":12,"464":12,"465":12,"466":12,"471":11,"473":11,"474":11,"475":11,"477":11,"478":4,"479":4,"482":7,"483":7,"486":11,"487":11,"488":11,"489":11,"490":11,"492":11,"494":45,"495":41,"497":41,"499":41,"500":40,"501":40,"504":41,"509":4,"520":51,"524":51,"525":51,"526":51,"528":51,"533":11,"535":11,"536":11,"537":11,"538":11,"539":11,"540":11,"541":11,"543":11,"546":11,"550":0},"path":"/home/devel-sultana/WFH/research/oro2/contracts/Unifarm.sol","s":{"1":36,"2":36,"3":36,"4":93,"5":93,"6":93,"7":93,"8":102,"9":0,"10":102,"11":102,"12":102,"13":62,"14":62,"15":62,"16":62,"17":0,"18":0,"19":0,"20":50,"21":0,"22":1,"23":1,"24":1,"25":0,"26":49,"27":0,"28":0,"29":0,"30":0,"31":0,"32":6,"33":6,"34":6,"35":6,"36":6,"37":6,"38":6,"39":6,"40":36,"41":36,"42":6,"43":6,"44":36,"45":36,"46":36,"47":0,"48":0,"49":0,"50":0,"51":0,"52":0,"53":0,"54":0,"55":0,"56":1,"57":1,"58":1,"59":0,"60":0,"61":12,"62":12,"63":12,"64":12,"65":12,"66":12,"67":12,"68":12,"69":12,"70":12,"71":12,"72":12,"73":12,"74":12,"75":11,"76":11,"77":11,"78":11,"79":11,"80":4,"81":4,"82":7,"83":7,"84":7,"85":11,"86":11,"87":11,"88":11,"89":11,"90":11,"91":45,"92":41,"93":41,"94":41,"95":40,"96":40,"97":41,"98":51,"99":51,"100":51,"101":51,"102":51,"103":11,"104":11,"105":11,"106":11,"107":11,"108":11,"109":11,"110":11,"111":11,"112":11,"113":0},"b":{"1":[36,0],"2":[93,0],"3":[0,102],"4":[102,0],"5":[62,0],"6":[0,0],"7":[49,0],"8":[0,0],"9":[6,0],"10":[36,0],"11":[36,0],"12":[36,0],"13":[0,0],"14":[0,0],"15":[1,0],"16":[0,0],"17":[12,0],"18":[12,0],"19":[12,0],"20":[11,0],"21":[4,7],"22":[7,0],"23":[11,0],"24":[41,4],"25":[40,1],"26":[51,0],"27":[51,0],"28":[11,0],"29":[11,0]},"f":{"1":36,"2":93,"3":93,"4":102,"5":62,"6":62,"7":0,"8":0,"9":50,"10":0,"11":1,"12":0,"13":49,"14":0,"15":0,"16":6,"17":36,"18":6,"19":0,"20":0,"21":0,"22":1,"23":0,"24":12,"25":11,"26":51,"27":51,"28":11,"29":0},"fnMap":{"1":{"name":"add","line":112,"loc":{"start":{"line":112,"column":4},"end":{"line":117,"column":4}}},"2":{"name":"sub","line":129,"loc":{"start":{"line":129,"column":4},"end":{"line":131,"column":4}}},"3":{"name":"sub","line":143,"loc":{"start":{"line":143,"column":4},"end":{"line":148,"column":4}}},"4":{"name":"mul","line":160,"loc":{"start":{"line":160,"column":4},"end":{"line":172,"column":4}}},"5":{"name":"div","line":186,"loc":{"start":{"line":186,"column":4},"end":{"line":188,"column":4}}},"6":{"name":"div","line":202,"loc":{"start":{"line":202,"column":4},"end":{"line":208,"column":4}}},"7":{"name":"mod","line":222,"loc":{"start":{"line":222,"column":4},"end":{"line":224,"column":4}}},"8":{"name":"mod","line":238,"loc":{"start":{"line":238,"column":4},"end":{"line":241,"column":4}}},"9":{"name":"_msgSender","line":258,"loc":{"start":{"line":258,"column":4},"end":{"line":260,"column":4}}},"10":{"name":"_msgData","line":262,"loc":{"start":{"line":262,"column":4},"end":{"line":265,"column":4}}},"11":{"name":"constructor","line":293,"loc":{"start":{"line":293,"column":4},"end":{"line":297,"column":4}}},"12":{"name":"owner","line":302,"loc":{"start":{"line":302,"column":4},"end":{"line":304,"column":4}}},"13":{"name":"onlyOwner","line":309,"loc":{"start":{"line":309,"column":4},"end":{"line":312,"column":4}}},"14":{"name":"renounceOwnership","line":321,"loc":{"start":{"line":321,"column":4},"end":{"line":324,"column":4}}},"15":{"name":"transferOwnership","line":330,"loc":{"start":{"line":330,"column":4},"end":{"line":334,"column":4}}},"16":{"name":"addToken","line":362,"loc":{"start":{"line":362,"column":4},"end":{"line":373,"column":4}}},"17":{"name":"setDailyDistribution","line":375,"loc":{"start":{"line":375,"column":4},"end":{"line":378,"column":4}}},"18":{"name":"updateSequence","line":380,"loc":{"start":{"line":380,"column":4},"end":{"line":388,"column":4}}},"19":{"name":"updateToken","line":391,"loc":{"start":{"line":391,"column":4},"end":{"line":396,"column":4}}},"20":{"name":"updateStakeDuration","line":399,"loc":{"start":{"line":399,"column":4},"end":{"line":401,"column":4}}},"21":{"name":"updateIntervalDays","line":403,"loc":{"start":{"line":403,"column":4},"end":{"line":410,"column":4}}},"22":{"name":"changeTokenBlockedStatus","line":412,"loc":{"start":{"line":412,"column":4},"end":{"line":416,"column":4}}},"23":{"name":"safeWithdraw","line":418,"loc":{"start":{"line":418,"column":4},"end":{"line":421,"column":4}}},"24":{"name":"stake","line":450,"loc":{"start":{"line":450,"column":4},"end":{"line":467,"column":4}}},"25":{"name":"claimRewards","line":470,"loc":{"start":{"line":470,"column":4},"end":{"line":515,"column":4}}},"26":{"name":"getOneDayRewards","line":519,"loc":{"start":{"line":519,"column":4},"end":{"line":521,"column":4}}},"27":{"name":"sendToken","line":523,"loc":{"start":{"line":523,"column":4},"end":{"line":530,"column":4}}},"28":{"name":"unStake","line":532,"loc":{"start":{"line":532,"column":4},"end":{"line":547,"column":4}}},"29":{"name":"viewStakingDetails","line":549,"loc":{"start":{"line":549,"column":4},"end":{"line":554,"column":4}}}},"statementMap":{"1":{"start":{"line":113,"column":8},"end":{"line":113,"column":25}},"2":{"start":{"line":114,"column":8},"end":{"line":114,"column":53}},"3":{"start":{"line":116,"column":8},"end":{"line":116,"column":16}},"4":{"start":{"line":130,"column":8},"end":{"line":130,"column":58}},"5":{"start":{"line":144,"column":8},"end":{"line":144,"column":36}},"6":{"start":{"line":145,"column":8},"end":{"line":145,"column":25}},"7":{"start":{"line":147,"column":8},"end":{"line":147,"column":16}},"8":{"start":{"line":164,"column":8},"end":{"line":164,"column":5301}},"9":{"start":{"line":165,"column":12},"end":{"line":165,"column":20}},"10":{"start":{"line":168,"column":8},"end":{"line":168,"column":25}},"11":{"start":{"line":169,"column":8},"end":{"line":169,"column":63}},"12":{"start":{"line":171,"column":8},"end":{"line":171,"column":16}},"13":{"start":{"line":187,"column":8},"end":{"line":187,"column":54}},"14":{"start":{"line":203,"column":8},"end":{"line":203,"column":35}},"15":{"start":{"line":204,"column":8},"end":{"line":204,"column":25}},"16":{"start":{"line":207,"column":8},"end":{"line":207,"column":16}},"17":{"start":{"line":223,"column":8},"end":{"line":223,"column":52}},"18":{"start":{"line":239,"column":8},"end":{"line":239,"column":36}},"19":{"start":{"line":240,"column":8},"end":{"line":240,"column":20}},"20":{"start":{"line":259,"column":8},"end":{"line":259,"column":25}},"21":{"start":{"line":264,"column":8},"end":{"line":264,"column":23}},"22":{"start":{"line":294,"column":8},"end":{"line":294,"column":40}},"23":{"start":{"line":295,"column":8},"end":{"line":295,"column":25}},"24":{"start":{"line":296,"column":8},"end":{"line":296,"column":56}},"25":{"start":{"line":303,"column":8},"end":{"line":303,"column":21}},"26":{"start":{"line":310,"column":8},"end":{"line":310,"column":74}},"27":{"start":{"line":322,"column":8},"end":{"line":322,"column":53}},"28":{"start":{"line":323,"column":8},"end":{"line":323,"column":26}},"29":{"start":{"line":331,"column":8},"end":{"line":331,"column":80}},"30":{"start":{"line":332,"column":8},"end":{"line":332,"column":51}},"31":{"start":{"line":333,"column":8},"end":{"line":333,"column":24}},"32":{"start":{"line":363,"column":8},"end":{"line":363,"column":12041}},"33":{"start":{"line":364,"column":12},"end":{"line":364,"column":36}},"34":{"start":{"line":366,"column":8},"end":{"line":366,"column":48}},"35":{"start":{"line":367,"column":8},"end":{"line":367,"column":51}},"36":{"start":{"line":368,"column":8},"end":{"line":368,"column":65}},"37":{"start":{"line":369,"column":8},"end":{"line":369,"column":55}},"38":{"start":{"line":371,"column":8},"end":{"line":371,"column":82}},"39":{"start":{"line":372,"column":8},"end":{"line":372,"column":19}},"40":{"start":{"line":376,"column":8},"end":{"line":376,"column":122}},"41":{"start":{"line":377,"column":8},"end":{"line":377,"column":75}},"42":{"start":{"line":381,"column":8},"end":{"line":381,"column":57}},"43":{"start":{"line":383,"column":8},"end":{"line":383,"column":12985}},"44":{"start":{"line":384,"column":12},"end":{"line":384,"column":81}},"45":{"start":{"line":385,"column":12},"end":{"line":385,"column":91}},"46":{"start":{"line":386,"column":12},"end":{"line":386,"column":71}},"47":{"start":{"line":392,"column":8},"end":{"line":392,"column":77}},"48":{"start":{"line":393,"column":8},"end":{"line":393,"column":65}},"49":{"start":{"line":394,"column":8},"end":{"line":394,"column":55}},"50":{"start":{"line":395,"column":8},"end":{"line":395,"column":82}},"51":{"start":{"line":400,"column":8},"end":{"line":400,"column":35}},"52":{"start":{"line":404,"column":8},"end":{"line":404,"column":35}},"53":{"start":{"line":406,"column":8},"end":{"line":406,"column":13987}},"54":{"start":{"line":407,"column":12},"end":{"line":407,"column":72}},"55":{"start":{"line":408,"column":12},"end":{"line":408,"column":42}},"56":{"start":{"line":413,"column":8},"end":{"line":413,"column":122}},"57":{"start":{"line":414,"column":8},"end":{"line":414,"column":60}},"58":{"start":{"line":415,"column":8},"end":{"line":415,"column":133}},"59":{"start":{"line":419,"column":8},"end":{"line":419,"column":95}},"60":{"start":{"line":420,"column":8},"end":{"line":420,"column":53}},"61":{"start":{"line":451,"column":8},"end":{"line":451,"column":88}},"62":{"start":{"line":452,"column":8},"end":{"line":452,"column":109}},"63":{"start":{"line":453,"column":8},"end":{"line":453,"column":121}},"64":{"start":{"line":455,"column":8},"end":{"line":455,"column":89}},"65":{"start":{"line":456,"column":8},"end":{"line":456,"column":53}},"66":{"start":{"line":457,"column":8},"end":{"line":457,"column":51}},"67":{"start":{"line":458,"column":8},"end":{"line":458,"column":65}},"68":{"start":{"line":459,"column":8},"end":{"line":459,"column":59}},"69":{"start":{"line":460,"column":8},"end":{"line":460,"column":65}},"70":{"start":{"line":461,"column":8},"end":{"line":461,"column":67}},"71":{"start":{"line":462,"column":8},"end":{"line":462,"column":83}},"72":{"start":{"line":464,"column":8},"end":{"line":464,"column":74}},"73":{"start":{"line":465,"column":8},"end":{"line":465,"column":75}},"74":{"start":{"line":466,"column":8},"end":{"line":466,"column":69}},"75":{"start":{"line":471,"column":8},"end":{"line":471,"column":98}},"76":{"start":{"line":473,"column":8},"end":{"line":473,"column":26}},"77":{"start":{"line":474,"column":8},"end":{"line":474,"column":21}},"78":{"start":{"line":475,"column":8},"end":{"line":475,"column":16}},"79":{"start":{"line":477,"column":8},"end":{"line":477,"column":17261}},"80":{"start":{"line":478,"column":12},"end":{"line":478,"column":51}},"81":{"start":{"line":479,"column":12},"end":{"line":479,"column":91}},"82":{"start":{"line":481,"column":13},"end":{"line":481,"column":17500}},"83":{"start":{"line":482,"column":12},"end":{"line":482,"column":79}},"84":{"start":{"line":483,"column":12},"end":{"line":483,"column":91}},"85":{"start":{"line":486,"column":8},"end":{"line":486,"column":17777}},"86":{"start":{"line":487,"column":12},"end":{"line":487,"column":46}},"87":{"start":{"line":488,"column":12},"end":{"line":488,"column":202}},"88":{"start":{"line":489,"column":12},"end":{"line":489,"column":135}},"89":{"start":{"line":490,"column":12},"end":{"line":490,"column":23}},"90":{"start":{"line":492,"column":12},"end":{"line":492,"column":18258}},"91":{"start":{"line":494,"column":16},"end":{"line":494,"column":18328}},"92":{"start":{"line":495,"column":20},"end":{"line":495,"column":68}},"93":{"start":{"line":497,"column":20},"end":{"line":497,"column":113}},"94":{"start":{"line":499,"column":20},"end":{"line":499,"column":18609}},"95":{"start":{"line":500,"column":24},"end":{"line":500,"column":181}},"96":{"start":{"line":501,"column":24},"end":{"line":501,"column":110}},"97":{"start":{"line":504,"column":20},"end":{"line":504,"column":28}},"98":{"start":{"line":520,"column":8},"end":{"line":520,"column":128}},"99":{"start":{"line":524,"column":8},"end":{"line":524,"column":19698}},"100":{"start":{"line":525,"column":12},"end":{"line":525,"column":99}},"101":{"start":{"line":526,"column":12},"end":{"line":526,"column":60}},"102":{"start":{"line":528,"column":12},"end":{"line":528,"column":87}},"103":{"start":{"line":533,"column":8},"end":{"line":533,"column":28}},"104":{"start":{"line":535,"column":8},"end":{"line":535,"column":20128}},"105":{"start":{"line":536,"column":12},"end":{"line":536,"column":177}},"106":{"start":{"line":537,"column":12},"end":{"line":537,"column":138}},"107":{"start":{"line":538,"column":12},"end":{"line":538,"column":63}},"108":{"start":{"line":539,"column":12},"end":{"line":539,"column":63}},"109":{"start":{"line":540,"column":12},"end":{"line":540,"column":76}},"110":{"start":{"line":541,"column":12},"end":{"line":541,"column":72}},"111":{"start":{"line":543,"column":12},"end":{"line":543,"column":153}},"112":{"start":{"line":546,"column":8},"end":{"line":546,"column":19}},"113":{"start":{"line":550,"column":8},"end":{"line":550,"column":21230}}},"branchMap":{"1":{"line":114,"type":"if","locations":[{"start":{"line":114,"column":8},"end":{"line":114,"column":8}},{"start":{"line":114,"column":8},"end":{"line":114,"column":8}}]},"2":{"line":144,"type":"if","locations":[{"start":{"line":144,"column":8},"end":{"line":144,"column":8}},{"start":{"line":144,"column":8},"end":{"line":144,"column":8}}]},"3":{"line":164,"type":"if","locations":[{"start":{"line":164,"column":8},"end":{"line":164,"column":8}},{"start":{"line":164,"column":8},"end":{"line":164,"column":8}}]},"4":{"line":169,"type":"if","locations":[{"start":{"line":169,"column":8},"end":{"line":169,"column":8}},{"start":{"line":169,"column":8},"end":{"line":169,"column":8}}]},"5":{"line":203,"type":"if","locations":[{"start":{"line":203,"column":8},"end":{"line":203,"column":8}},{"start":{"line":203,"column":8},"end":{"line":203,"column":8}}]},"6":{"line":239,"type":"if","locations":[{"start":{"line":239,"column":8},"end":{"line":239,"column":8}},{"start":{"line":239,"column":8},"end":{"line":239,"column":8}}]},"7":{"line":310,"type":"if","locations":[{"start":{"line":310,"column":8},"end":{"line":310,"column":8}},{"start":{"line":310,"column":8},"end":{"line":310,"column":8}}]},"8":{"line":331,"type":"if","locations":[{"start":{"line":331,"column":8},"end":{"line":331,"column":8}},{"start":{"line":331,"column":8},"end":{"line":331,"column":8}}]},"9":{"line":363,"type":"if","locations":[{"start":{"line":363,"column":8},"end":{"line":363,"column":8}},{"start":{"line":363,"column":8},"end":{"line":363,"column":8}}]},"10":{"line":376,"type":"if","locations":[{"start":{"line":376,"column":8},"end":{"line":376,"column":8}},{"start":{"line":376,"column":8},"end":{"line":376,"column":8}}]},"11":{"line":384,"type":"if","locations":[{"start":{"line":384,"column":12},"end":{"line":384,"column":12}},{"start":{"line":384,"column":12},"end":{"line":384,"column":12}}]},"12":{"line":385,"type":"if","locations":[{"start":{"line":385,"column":12},"end":{"line":385,"column":12}},{"start":{"line":385,"column":12},"end":{"line":385,"column":12}}]},"13":{"line":392,"type":"if","locations":[{"start":{"line":392,"column":8},"end":{"line":392,"column":8}},{"start":{"line":392,"column":8},"end":{"line":392,"column":8}}]},"14":{"line":407,"type":"if","locations":[{"start":{"line":407,"column":12},"end":{"line":407,"column":12}},{"start":{"line":407,"column":12},"end":{"line":407,"column":12}}]},"15":{"line":413,"type":"if","locations":[{"start":{"line":413,"column":8},"end":{"line":413,"column":8}},{"start":{"line":413,"column":8},"end":{"line":413,"column":8}}]},"16":{"line":419,"type":"if","locations":[{"start":{"line":419,"column":8},"end":{"line":419,"column":8}},{"start":{"line":419,"column":8},"end":{"line":419,"column":8}}]},"17":{"line":451,"type":"if","locations":[{"start":{"line":451,"column":8},"end":{"line":451,"column":8}},{"start":{"line":451,"column":8},"end":{"line":451,"column":8}}]},"18":{"line":452,"type":"if","locations":[{"start":{"line":452,"column":8},"end":{"line":452,"column":8}},{"start":{"line":452,"column":8},"end":{"line":452,"column":8}}]},"19":{"line":453,"type":"if","locations":[{"start":{"line":453,"column":8},"end":{"line":453,"column":8}},{"start":{"line":453,"column":8},"end":{"line":453,"column":8}}]},"20":{"line":471,"type":"if","locations":[{"start":{"line":471,"column":8},"end":{"line":471,"column":8}},{"start":{"line":471,"column":8},"end":{"line":471,"column":8}}]},"21":{"line":477,"type":"if","locations":[{"start":{"line":477,"column":8},"end":{"line":477,"column":8}},{"start":{"line":477,"column":8},"end":{"line":477,"column":8}}]},"22":{"line":481,"type":"if","locations":[{"start":{"line":481,"column":13},"end":{"line":481,"column":13}},{"start":{"line":481,"column":13},"end":{"line":481,"column":13}}]},"23":{"line":486,"type":"if","locations":[{"start":{"line":486,"column":8},"end":{"line":486,"column":8}},{"start":{"line":486,"column":8},"end":{"line":486,"column":8}}]},"24":{"line":494,"type":"if","locations":[{"start":{"line":494,"column":16},"end":{"line":494,"column":16}},{"start":{"line":494,"column":16},"end":{"line":494,"column":16}}]},"25":{"line":499,"type":"if","locations":[{"start":{"line":499,"column":20},"end":{"line":499,"column":20}},{"start":{"line":499,"column":20},"end":{"line":499,"column":20}}]},"26":{"line":524,"type":"if","locations":[{"start":{"line":524,"column":8},"end":{"line":524,"column":8}},{"start":{"line":524,"column":8},"end":{"line":524,"column":8}}]},"27":{"line":525,"type":"if","locations":[{"start":{"line":525,"column":12},"end":{"line":525,"column":12}},{"start":{"line":525,"column":12},"end":{"line":525,"column":12}}]},"28":{"line":535,"type":"if","locations":[{"start":{"line":535,"column":8},"end":{"line":535,"column":8}},{"start":{"line":535,"column":8},"end":{"line":535,"column":8}}]},"29":{"line":536,"type":"if","locations":[{"start":{"line":536,"column":12},"end":{"line":536,"column":12}},{"start":{"line":536,"column":12},"end":{"line":536,"column":12}}]}}}}