{
"contracts/TokenA.sol":{"l":{"10":105,"11":105,"12":105,"16":110,"17":110,"18":110,"22":0,"23":0,"25":0,"26":0,"27":0,"31":0,"32":0,"33":0,"37":0,"38":0,"68":7,"69":7,"70":7,"71":7,"72":7,"73":7,"77":0,"78":0,"86":0,"94":10,"95":10,"96":10,"97":10,"105":86,"106":86,"108":86,"109":86,"110":86,"111":86,"119":12,"120":12,"121":12,"122":12,"123":12,"124":12,"125":12,"126":12,"135":0,"143":240,"147":0,"148":0,"149":0,"150":0},"path":"/home/devel-sultana/WFH/research/oro2 (copy)/contracts/TokenA.sol","s":{"1":105,"2":105,"3":105,"4":110,"5":110,"6":110,"7":0,"8":0,"9":0,"10":0,"11":0,"12":0,"13":0,"14":0,"15":0,"16":0,"17":7,"18":7,"19":7,"20":7,"21":7,"22":7,"23":0,"24":0,"25":10,"26":10,"27":10,"28":10,"29":86,"30":86,"31":86,"32":86,"33":86,"34":86,"35":12,"36":12,"37":12,"38":12,"39":12,"40":12,"41":12,"42":12,"43":0,"44":240,"45":0,"46":0,"47":0,"48":0},"b":{"1":[105,0],"2":[110,0],"3":[0,0],"4":[0,0],"5":[0,0],"6":[0,0],"7":[0,0],"8":[10,0],"9":[10,0],"10":[86,0],"11":[86,0],"12":[12,0],"13":[12,0],"14":[12,0],"15":[12,0],"16":[0,0]},"f":{"1":105,"2":110,"3":0,"4":0,"5":0,"6":7,"7":0,"8":0,"9":10,"10":86,"11":12,"12":0,"13":240,"14":0},"fnMap":{"1":{"name":"add","line":9,"loc":{"start":{"line":9,"column":4},"end":{"line":13,"column":4}}},"2":{"name":"sub","line":15,"loc":{"start":{"line":15,"column":4},"end":{"line":19,"column":4}}},"3":{"name":"mul","line":21,"loc":{"start":{"line":21,"column":4},"end":{"line":28,"column":4}}},"4":{"name":"div","line":30,"loc":{"start":{"line":30,"column":4},"end":{"line":34,"column":4}}},"5":{"name":"mod","line":36,"loc":{"start":{"line":36,"column":4},"end":{"line":39,"column":4}}},"6":{"name":"constructor","line":67,"loc":{"start":{"line":67,"column":4},"end":{"line":74,"column":4}}},"7":{"name":"onlyOwner","line":76,"loc":{"start":{"line":76,"column":4},"end":{"line":79,"column":5}}},"8":{"name":"allowance","line":85,"loc":{"start":{"line":85,"column":4},"end":{"line":87,"column":4}}},"9":{"name":"approve","line":93,"loc":{"start":{"line":93,"column":4},"end":{"line":98,"column":4}}},"10":{"name":"transfer","line":104,"loc":{"start":{"line":104,"column":4},"end":{"line":112,"column":4}}},"11":{"name":"transferFrom","line":118,"loc":{"start":{"line":118,"column":4},"end":{"line":127,"column":4}}},"12":{"name":"totalSupply","line":134,"loc":{"start":{"line":134,"column":4},"end":{"line":136,"column":4}}},"13":{"name":"balanceOf","line":142,"loc":{"start":{"line":142,"column":4},"end":{"line":144,"column":4}}},"14":{"name":"mint","line":146,"loc":{"start":{"line":146,"column":3},"end":{"line":152,"column":4}}}},"statementMap":{"1":{"start":{"line":10,"column":8},"end":{"line":10,"column":25}},"2":{"start":{"line":11,"column":8},"end":{"line":11,"column":53}},"3":{"start":{"line":12,"column":8},"end":{"line":12,"column":16}},"4":{"start":{"line":16,"column":8},"end":{"line":16,"column":56}},"5":{"start":{"line":17,"column":8},"end":{"line":17,"column":25}},"6":{"start":{"line":18,"column":8},"end":{"line":18,"column":16}},"7":{"start":{"line":22,"column":8},"end":{"line":22,"column":568}},"8":{"start":{"line":23,"column":12},"end":{"line":23,"column":20}},"9":{"start":{"line":25,"column":8},"end":{"line":25,"column":25}},"10":{"start":{"line":26,"column":8},"end":{"line":26,"column":63}},"11":{"start":{"line":27,"column":8},"end":{"line":27,"column":16}},"12":{"start":{"line":31,"column":8},"end":{"line":31,"column":51}},"13":{"start":{"line":32,"column":8},"end":{"line":32,"column":25}},"14":{"start":{"line":33,"column":8},"end":{"line":33,"column":16}},"15":{"start":{"line":37,"column":8},"end":{"line":37,"column":50}},"16":{"start":{"line":38,"column":8},"end":{"line":38,"column":20}},"17":{"start":{"line":68,"column":8},"end":{"line":68,"column":23}},"18":{"start":{"line":69,"column":8},"end":{"line":69,"column":21}},"19":{"start":{"line":70,"column":8},"end":{"line":70,"column":20}},"20":{"start":{"line":71,"column":8},"end":{"line":71,"column":55}},"21":{"start":{"line":72,"column":8},"end":{"line":72,"column":25}},"22":{"start":{"line":73,"column":8},"end":{"line":73,"column":58}},"23":{"start":{"line":77,"column":8},"end":{"line":77,"column":51}},"24":{"start":{"line":86,"column":8},"end":{"line":86,"column":40}},"25":{"start":{"line":94,"column":8},"end":{"line":94,"column":49}},"26":{"start":{"line":95,"column":8},"end":{"line":95,"column":62}},"27":{"start":{"line":96,"column":8},"end":{"line":96,"column":45}},"28":{"start":{"line":97,"column":8},"end":{"line":97,"column":49}},"29":{"start":{"line":105,"column":8},"end":{"line":105,"column":44}},"30":{"start":{"line":106,"column":8},"end":{"line":106,"column":42}},"31":{"start":{"line":108,"column":8},"end":{"line":108,"column":62}},"32":{"start":{"line":109,"column":8},"end":{"line":109,"column":48}},"33":{"start":{"line":110,"column":8},"end":{"line":110,"column":44}},"34":{"start":{"line":111,"column":8},"end":{"line":111,"column":19}},"35":{"start":{"line":119,"column":8},"end":{"line":119,"column":46}},"36":{"start":{"line":120,"column":8},"end":{"line":120,"column":44}},"37":{"start":{"line":121,"column":9},"end":{"line":121,"column":66}},"38":{"start":{"line":122,"column":8},"end":{"line":122,"column":78}},"39":{"start":{"line":123,"column":8},"end":{"line":123,"column":52}},"40":{"start":{"line":124,"column":8},"end":{"line":124,"column":62}},"41":{"start":{"line":125,"column":8},"end":{"line":125,"column":74}},"42":{"start":{"line":126,"column":8},"end":{"line":126,"column":19}},"43":{"start":{"line":135,"column":8},"end":{"line":135,"column":27}},"44":{"start":{"line":143,"column":7},"end":{"line":143,"column":31}},"45":{"start":{"line":147,"column":10},"end":{"line":147,"column":73}},"46":{"start":{"line":148,"column":10},"end":{"line":148,"column":58}},"47":{"start":{"line":149,"column":10},"end":{"line":149,"column":48}},"48":{"start":{"line":150,"column":10},"end":{"line":150,"column":52}}},"branchMap":{"1":{"line":11,"type":"if","locations":[{"start":{"line":11,"column":8},"end":{"line":11,"column":8}},{"start":{"line":11,"column":8},"end":{"line":11,"column":8}}]},"2":{"line":16,"type":"if","locations":[{"start":{"line":16,"column":8},"end":{"line":16,"column":8}},{"start":{"line":16,"column":8},"end":{"line":16,"column":8}}]},"3":{"line":22,"type":"if","locations":[{"start":{"line":22,"column":8},"end":{"line":22,"column":8}},{"start":{"line":22,"column":8},"end":{"line":22,"column":8}}]},"4":{"line":26,"type":"if","locations":[{"start":{"line":26,"column":8},"end":{"line":26,"column":8}},{"start":{"line":26,"column":8},"end":{"line":26,"column":8}}]},"5":{"line":31,"type":"if","locations":[{"start":{"line":31,"column":8},"end":{"line":31,"column":8}},{"start":{"line":31,"column":8},"end":{"line":31,"column":8}}]},"6":{"line":37,"type":"if","locations":[{"start":{"line":37,"column":8},"end":{"line":37,"column":8}},{"start":{"line":37,"column":8},"end":{"line":37,"column":8}}]},"7":{"line":77,"type":"if","locations":[{"start":{"line":77,"column":8},"end":{"line":77,"column":8}},{"start":{"line":77,"column":8},"end":{"line":77,"column":8}}]},"8":{"line":94,"type":"if","locations":[{"start":{"line":94,"column":8},"end":{"line":94,"column":8}},{"start":{"line":94,"column":8},"end":{"line":94,"column":8}}]},"9":{"line":95,"type":"if","locations":[{"start":{"line":95,"column":8},"end":{"line":95,"column":8}},{"start":{"line":95,"column":8},"end":{"line":95,"column":8}}]},"10":{"line":105,"type":"if","locations":[{"start":{"line":105,"column":8},"end":{"line":105,"column":8}},{"start":{"line":105,"column":8},"end":{"line":105,"column":8}}]},"11":{"line":106,"type":"if","locations":[{"start":{"line":106,"column":8},"end":{"line":106,"column":8}},{"start":{"line":106,"column":8},"end":{"line":106,"column":8}}]},"12":{"line":119,"type":"if","locations":[{"start":{"line":119,"column":8},"end":{"line":119,"column":8}},{"start":{"line":119,"column":8},"end":{"line":119,"column":8}}]},"13":{"line":120,"type":"if","locations":[{"start":{"line":120,"column":8},"end":{"line":120,"column":8}},{"start":{"line":120,"column":8},"end":{"line":120,"column":8}}]},"14":{"line":121,"type":"if","locations":[{"start":{"line":121,"column":9},"end":{"line":121,"column":9}},{"start":{"line":121,"column":9},"end":{"line":121,"column":9}}]},"15":{"line":122,"type":"if","locations":[{"start":{"line":122,"column":8},"end":{"line":122,"column":8}},{"start":{"line":122,"column":8},"end":{"line":122,"column":8}}]},"16":{"line":147,"type":"if","locations":[{"start":{"line":147,"column":10},"end":{"line":147,"column":10}},{"start":{"line":147,"column":10},"end":{"line":147,"column":10}}]}}},
"contracts/TokenB.sol":{"l":{"10":0,"11":0,"12":0,"16":0,"17":0,"18":0,"22":0,"23":0,"25":0,"26":0,"27":0,"31":0,"32":0,"33":0,"37":0,"38":0,"68":0,"69":0,"70":0,"71":0,"72":0,"73":0,"77":0,"78":0,"86":0,"94":0,"95":0,"96":0,"97":0,"105":0,"106":0,"108":0,"109":0,"110":0,"111":0,"119":0,"120":0,"121":0,"122":0,"123":0,"124":0,"125":0,"126":0,"135":0,"143":0,"147":0,"148":0,"149":0,"150":0},"path":"/home/devel-sultana/WFH/research/oro2 (copy)/contracts/TokenB.sol","s":{"1":0,"2":0,"3":0,"4":0,"5":0,"6":0,"7":0,"8":0,"9":0,"10":0,"11":0,"12":0,"13":0,"14":0,"15":0,"16":0,"17":0,"18":0,"19":0,"20":0,"21":0,"22":0,"23":0,"24":0,"25":0,"26":0,"27":0,"28":0,"29":0,"30":0,"31":0,"32":0,"33":0,"34":0,"35":0,"36":0,"37":0,"38":0,"39":0,"40":0,"41":0,"42":0,"43":0,"44":0,"45":0,"46":0,"47":0,"48":0},"b":{"1":[0,0],"2":[0,0],"3":[0,0],"4":[0,0],"5":[0,0],"6":[0,0],"7":[0,0],"8":[0,0],"9":[0,0],"10":[0,0],"11":[0,0],"12":[0,0],"13":[0,0],"14":[0,0],"15":[0,0],"16":[0,0]},"f":{"1":0,"2":0,"3":0,"4":0,"5":0,"6":0,"7":0,"8":0,"9":0,"10":0,"11":0,"12":0,"13":0,"14":0},"fnMap":{"1":{"name":"add","line":9,"loc":{"start":{"line":9,"column":4},"end":{"line":13,"column":4}}},"2":{"name":"sub","line":15,"loc":{"start":{"line":15,"column":4},"end":{"line":19,"column":4}}},"3":{"name":"mul","line":21,"loc":{"start":{"line":21,"column":4},"end":{"line":28,"column":4}}},"4":{"name":"div","line":30,"loc":{"start":{"line":30,"column":4},"end":{"line":34,"column":4}}},"5":{"name":"mod","line":36,"loc":{"start":{"line":36,"column":4},"end":{"line":39,"column":4}}},"6":{"name":"constructor","line":67,"loc":{"start":{"line":67,"column":4},"end":{"line":74,"column":4}}},"7":{"name":"onlyOwner","line":76,"loc":{"start":{"line":76,"column":4},"end":{"line":79,"column":5}}},"8":{"name":"allowance","line":85,"loc":{"start":{"line":85,"column":4},"end":{"line":87,"column":4}}},"9":{"name":"approve","line":93,"loc":{"start":{"line":93,"column":4},"end":{"line":98,"column":4}}},"10":{"name":"transfer","line":104,"loc":{"start":{"line":104,"column":4},"end":{"line":112,"column":4}}},"11":{"name":"transferFrom","line":118,"loc":{"start":{"line":118,"column":4},"end":{"line":127,"column":4}}},"12":{"name":"totalSupply","line":134,"loc":{"start":{"line":134,"column":4},"end":{"line":136,"column":4}}},"13":{"name":"balanceOf","line":142,"loc":{"start":{"line":142,"column":4},"end":{"line":144,"column":4}}},"14":{"name":"mint","line":146,"loc":{"start":{"line":146,"column":3},"end":{"line":152,"column":4}}}},"statementMap":{"1":{"start":{"line":10,"column":8},"end":{"line":10,"column":25}},"2":{"start":{"line":11,"column":8},"end":{"line":11,"column":53}},"3":{"start":{"line":12,"column":8},"end":{"line":12,"column":16}},"4":{"start":{"line":16,"column":8},"end":{"line":16,"column":56}},"5":{"start":{"line":17,"column":8},"end":{"line":17,"column":25}},"6":{"start":{"line":18,"column":8},"end":{"line":18,"column":16}},"7":{"start":{"line":22,"column":8},"end":{"line":22,"column":568}},"8":{"start":{"line":23,"column":12},"end":{"line":23,"column":20}},"9":{"start":{"line":25,"column":8},"end":{"line":25,"column":25}},"10":{"start":{"line":26,"column":8},"end":{"line":26,"column":63}},"11":{"start":{"line":27,"column":8},"end":{"line":27,"column":16}},"12":{"start":{"line":31,"column":8},"end":{"line":31,"column":51}},"13":{"start":{"line":32,"column":8},"end":{"line":32,"column":25}},"14":{"start":{"line":33,"column":8},"end":{"line":33,"column":16}},"15":{"start":{"line":37,"column":8},"end":{"line":37,"column":50}},"16":{"start":{"line":38,"column":8},"end":{"line":38,"column":20}},"17":{"start":{"line":68,"column":8},"end":{"line":68,"column":23}},"18":{"start":{"line":69,"column":8},"end":{"line":69,"column":21}},"19":{"start":{"line":70,"column":8},"end":{"line":70,"column":20}},"20":{"start":{"line":71,"column":8},"end":{"line":71,"column":55}},"21":{"start":{"line":72,"column":8},"end":{"line":72,"column":25}},"22":{"start":{"line":73,"column":8},"end":{"line":73,"column":58}},"23":{"start":{"line":77,"column":8},"end":{"line":77,"column":51}},"24":{"start":{"line":86,"column":8},"end":{"line":86,"column":40}},"25":{"start":{"line":94,"column":8},"end":{"line":94,"column":49}},"26":{"start":{"line":95,"column":8},"end":{"line":95,"column":62}},"27":{"start":{"line":96,"column":8},"end":{"line":96,"column":45}},"28":{"start":{"line":97,"column":8},"end":{"line":97,"column":49}},"29":{"start":{"line":105,"column":8},"end":{"line":105,"column":44}},"30":{"start":{"line":106,"column":8},"end":{"line":106,"column":42}},"31":{"start":{"line":108,"column":8},"end":{"line":108,"column":62}},"32":{"start":{"line":109,"column":8},"end":{"line":109,"column":48}},"33":{"start":{"line":110,"column":8},"end":{"line":110,"column":44}},"34":{"start":{"line":111,"column":8},"end":{"line":111,"column":19}},"35":{"start":{"line":119,"column":8},"end":{"line":119,"column":46}},"36":{"start":{"line":120,"column":8},"end":{"line":120,"column":44}},"37":{"start":{"line":121,"column":9},"end":{"line":121,"column":66}},"38":{"start":{"line":122,"column":8},"end":{"line":122,"column":78}},"39":{"start":{"line":123,"column":8},"end":{"line":123,"column":52}},"40":{"start":{"line":124,"column":8},"end":{"line":124,"column":62}},"41":{"start":{"line":125,"column":8},"end":{"line":125,"column":74}},"42":{"start":{"line":126,"column":8},"end":{"line":126,"column":19}},"43":{"start":{"line":135,"column":8},"end":{"line":135,"column":27}},"44":{"start":{"line":143,"column":7},"end":{"line":143,"column":31}},"45":{"start":{"line":147,"column":10},"end":{"line":147,"column":73}},"46":{"start":{"line":148,"column":10},"end":{"line":148,"column":58}},"47":{"start":{"line":149,"column":10},"end":{"line":149,"column":48}},"48":{"start":{"line":150,"column":10},"end":{"line":150,"column":52}}},"branchMap":{"1":{"line":11,"type":"if","locations":[{"start":{"line":11,"column":8},"end":{"line":11,"column":8}},{"start":{"line":11,"column":8},"end":{"line":11,"column":8}}]},"2":{"line":16,"type":"if","locations":[{"start":{"line":16,"column":8},"end":{"line":16,"column":8}},{"start":{"line":16,"column":8},"end":{"line":16,"column":8}}]},"3":{"line":22,"type":"if","locations":[{"start":{"line":22,"column":8},"end":{"line":22,"column":8}},{"start":{"line":22,"column":8},"end":{"line":22,"column":8}}]},"4":{"line":26,"type":"if","locations":[{"start":{"line":26,"column":8},"end":{"line":26,"column":8}},{"start":{"line":26,"column":8},"end":{"line":26,"column":8}}]},"5":{"line":31,"type":"if","locations":[{"start":{"line":31,"column":8},"end":{"line":31,"column":8}},{"start":{"line":31,"column":8},"end":{"line":31,"column":8}}]},"6":{"line":37,"type":"if","locations":[{"start":{"line":37,"column":8},"end":{"line":37,"column":8}},{"start":{"line":37,"column":8},"end":{"line":37,"column":8}}]},"7":{"line":77,"type":"if","locations":[{"start":{"line":77,"column":8},"end":{"line":77,"column":8}},{"start":{"line":77,"column":8},"end":{"line":77,"column":8}}]},"8":{"line":94,"type":"if","locations":[{"start":{"line":94,"column":8},"end":{"line":94,"column":8}},{"start":{"line":94,"column":8},"end":{"line":94,"column":8}}]},"9":{"line":95,"type":"if","locations":[{"start":{"line":95,"column":8},"end":{"line":95,"column":8}},{"start":{"line":95,"column":8},"end":{"line":95,"column":8}}]},"10":{"line":105,"type":"if","locations":[{"start":{"line":105,"column":8},"end":{"line":105,"column":8}},{"start":{"line":105,"column":8},"end":{"line":105,"column":8}}]},"11":{"line":106,"type":"if","locations":[{"start":{"line":106,"column":8},"end":{"line":106,"column":8}},{"start":{"line":106,"column":8},"end":{"line":106,"column":8}}]},"12":{"line":119,"type":"if","locations":[{"start":{"line":119,"column":8},"end":{"line":119,"column":8}},{"start":{"line":119,"column":8},"end":{"line":119,"column":8}}]},"13":{"line":120,"type":"if","locations":[{"start":{"line":120,"column":8},"end":{"line":120,"column":8}},{"start":{"line":120,"column":8},"end":{"line":120,"column":8}}]},"14":{"line":121,"type":"if","locations":[{"start":{"line":121,"column":9},"end":{"line":121,"column":9}},{"start":{"line":121,"column":9},"end":{"line":121,"column":9}}]},"15":{"line":122,"type":"if","locations":[{"start":{"line":122,"column":8},"end":{"line":122,"column":8}},{"start":{"line":122,"column":8},"end":{"line":122,"column":8}}]},"16":{"line":147,"type":"if","locations":[{"start":{"line":147,"column":10},"end":{"line":147,"column":10}},{"start":{"line":147,"column":10},"end":{"line":147,"column":10}}]}}},
"contracts/TokenC.sol":{"l":{"10":0,"11":0,"12":0,"16":0,"17":0,"18":0,"22":0,"23":0,"25":0,"26":0,"27":0,"31":0,"32":0,"33":0,"37":0,"38":0,"68":0,"69":0,"70":0,"71":0,"72":0,"73":0,"77":0,"78":0,"86":0,"94":0,"95":0,"96":0,"97":0,"105":0,"106":0,"108":0,"109":0,"110":0,"111":0,"119":0,"120":0,"121":0,"122":0,"123":0,"124":0,"125":0,"126":0,"135":0,"143":0,"147":0,"148":0,"149":0,"150":0},"path":"/home/devel-sultana/WFH/research/oro2 (copy)/contracts/TokenC.sol","s":{"1":0,"2":0,"3":0,"4":0,"5":0,"6":0,"7":0,"8":0,"9":0,"10":0,"11":0,"12":0,"13":0,"14":0,"15":0,"16":0,"17":0,"18":0,"19":0,"20":0,"21":0,"22":0,"23":0,"24":0,"25":0,"26":0,"27":0,"28":0,"29":0,"30":0,"31":0,"32":0,"33":0,"34":0,"35":0,"36":0,"37":0,"38":0,"39":0,"40":0,"41":0,"42":0,"43":0,"44":0,"45":0,"46":0,"47":0,"48":0},"b":{"1":[0,0],"2":[0,0],"3":[0,0],"4":[0,0],"5":[0,0],"6":[0,0],"7":[0,0],"8":[0,0],"9":[0,0],"10":[0,0],"11":[0,0],"12":[0,0],"13":[0,0],"14":[0,0],"15":[0,0],"16":[0,0]},"f":{"1":0,"2":0,"3":0,"4":0,"5":0,"6":0,"7":0,"8":0,"9":0,"10":0,"11":0,"12":0,"13":0,"14":0},"fnMap":{"1":{"name":"add","line":9,"loc":{"start":{"line":9,"column":4},"end":{"line":13,"column":4}}},"2":{"name":"sub","line":15,"loc":{"start":{"line":15,"column":4},"end":{"line":19,"column":4}}},"3":{"name":"mul","line":21,"loc":{"start":{"line":21,"column":4},"end":{"line":28,"column":4}}},"4":{"name":"div","line":30,"loc":{"start":{"line":30,"column":4},"end":{"line":34,"column":4}}},"5":{"name":"mod","line":36,"loc":{"start":{"line":36,"column":4},"end":{"line":39,"column":4}}},"6":{"name":"constructor","line":67,"loc":{"start":{"line":67,"column":4},"end":{"line":74,"column":4}}},"7":{"name":"onlyOwner","line":76,"loc":{"start":{"line":76,"column":4},"end":{"line":79,"column":5}}},"8":{"name":"allowance","line":85,"loc":{"start":{"line":85,"column":4},"end":{"line":87,"column":4}}},"9":{"name":"approve","line":93,"loc":{"start":{"line":93,"column":4},"end":{"line":98,"column":4}}},"10":{"name":"transfer","line":104,"loc":{"start":{"line":104,"column":4},"end":{"line":112,"column":4}}},"11":{"name":"transferFrom","line":118,"loc":{"start":{"line":118,"column":4},"end":{"line":127,"column":4}}},"12":{"name":"totalSupply","line":134,"loc":{"start":{"line":134,"column":4},"end":{"line":136,"column":4}}},"13":{"name":"balanceOf","line":142,"loc":{"start":{"line":142,"column":4},"end":{"line":144,"column":4}}},"14":{"name":"mint","line":146,"loc":{"start":{"line":146,"column":3},"end":{"line":152,"column":4}}}},"statementMap":{"1":{"start":{"line":10,"column":8},"end":{"line":10,"column":25}},"2":{"start":{"line":11,"column":8},"end":{"line":11,"column":53}},"3":{"start":{"line":12,"column":8},"end":{"line":12,"column":16}},"4":{"start":{"line":16,"column":8},"end":{"line":16,"column":56}},"5":{"start":{"line":17,"column":8},"end":{"line":17,"column":25}},"6":{"start":{"line":18,"column":8},"end":{"line":18,"column":16}},"7":{"start":{"line":22,"column":8},"end":{"line":22,"column":568}},"8":{"start":{"line":23,"column":12},"end":{"line":23,"column":20}},"9":{"start":{"line":25,"column":8},"end":{"line":25,"column":25}},"10":{"start":{"line":26,"column":8},"end":{"line":26,"column":63}},"11":{"start":{"line":27,"column":8},"end":{"line":27,"column":16}},"12":{"start":{"line":31,"column":8},"end":{"line":31,"column":51}},"13":{"start":{"line":32,"column":8},"end":{"line":32,"column":25}},"14":{"start":{"line":33,"column":8},"end":{"line":33,"column":16}},"15":{"start":{"line":37,"column":8},"end":{"line":37,"column":50}},"16":{"start":{"line":38,"column":8},"end":{"line":38,"column":20}},"17":{"start":{"line":68,"column":8},"end":{"line":68,"column":23}},"18":{"start":{"line":69,"column":8},"end":{"line":69,"column":21}},"19":{"start":{"line":70,"column":8},"end":{"line":70,"column":20}},"20":{"start":{"line":71,"column":8},"end":{"line":71,"column":55}},"21":{"start":{"line":72,"column":8},"end":{"line":72,"column":25}},"22":{"start":{"line":73,"column":8},"end":{"line":73,"column":58}},"23":{"start":{"line":77,"column":8},"end":{"line":77,"column":51}},"24":{"start":{"line":86,"column":8},"end":{"line":86,"column":40}},"25":{"start":{"line":94,"column":8},"end":{"line":94,"column":49}},"26":{"start":{"line":95,"column":8},"end":{"line":95,"column":62}},"27":{"start":{"line":96,"column":8},"end":{"line":96,"column":45}},"28":{"start":{"line":97,"column":8},"end":{"line":97,"column":49}},"29":{"start":{"line":105,"column":8},"end":{"line":105,"column":44}},"30":{"start":{"line":106,"column":8},"end":{"line":106,"column":42}},"31":{"start":{"line":108,"column":8},"end":{"line":108,"column":62}},"32":{"start":{"line":109,"column":8},"end":{"line":109,"column":48}},"33":{"start":{"line":110,"column":8},"end":{"line":110,"column":44}},"34":{"start":{"line":111,"column":8},"end":{"line":111,"column":19}},"35":{"start":{"line":119,"column":8},"end":{"line":119,"column":46}},"36":{"start":{"line":120,"column":8},"end":{"line":120,"column":44}},"37":{"start":{"line":121,"column":9},"end":{"line":121,"column":66}},"38":{"start":{"line":122,"column":8},"end":{"line":122,"column":78}},"39":{"start":{"line":123,"column":8},"end":{"line":123,"column":52}},"40":{"start":{"line":124,"column":8},"end":{"line":124,"column":62}},"41":{"start":{"line":125,"column":8},"end":{"line":125,"column":74}},"42":{"start":{"line":126,"column":8},"end":{"line":126,"column":19}},"43":{"start":{"line":135,"column":8},"end":{"line":135,"column":27}},"44":{"start":{"line":143,"column":7},"end":{"line":143,"column":31}},"45":{"start":{"line":147,"column":10},"end":{"line":147,"column":73}},"46":{"start":{"line":148,"column":10},"end":{"line":148,"column":58}},"47":{"start":{"line":149,"column":10},"end":{"line":149,"column":48}},"48":{"start":{"line":150,"column":10},"end":{"line":150,"column":52}}},"branchMap":{"1":{"line":11,"type":"if","locations":[{"start":{"line":11,"column":8},"end":{"line":11,"column":8}},{"start":{"line":11,"column":8},"end":{"line":11,"column":8}}]},"2":{"line":16,"type":"if","locations":[{"start":{"line":16,"column":8},"end":{"line":16,"column":8}},{"start":{"line":16,"column":8},"end":{"line":16,"column":8}}]},"3":{"line":22,"type":"if","locations":[{"start":{"line":22,"column":8},"end":{"line":22,"column":8}},{"start":{"line":22,"column":8},"end":{"line":22,"column":8}}]},"4":{"line":26,"type":"if","locations":[{"start":{"line":26,"column":8},"end":{"line":26,"column":8}},{"start":{"line":26,"column":8},"end":{"line":26,"column":8}}]},"5":{"line":31,"type":"if","locations":[{"start":{"line":31,"column":8},"end":{"line":31,"column":8}},{"start":{"line":31,"column":8},"end":{"line":31,"column":8}}]},"6":{"line":37,"type":"if","locations":[{"start":{"line":37,"column":8},"end":{"line":37,"column":8}},{"start":{"line":37,"column":8},"end":{"line":37,"column":8}}]},"7":{"line":77,"type":"if","locations":[{"start":{"line":77,"column":8},"end":{"line":77,"column":8}},{"start":{"line":77,"column":8},"end":{"line":77,"column":8}}]},"8":{"line":94,"type":"if","locations":[{"start":{"line":94,"column":8},"end":{"line":94,"column":8}},{"start":{"line":94,"column":8},"end":{"line":94,"column":8}}]},"9":{"line":95,"type":"if","locations":[{"start":{"line":95,"column":8},"end":{"line":95,"column":8}},{"start":{"line":95,"column":8},"end":{"line":95,"column":8}}]},"10":{"line":105,"type":"if","locations":[{"start":{"line":105,"column":8},"end":{"line":105,"column":8}},{"start":{"line":105,"column":8},"end":{"line":105,"column":8}}]},"11":{"line":106,"type":"if","locations":[{"start":{"line":106,"column":8},"end":{"line":106,"column":8}},{"start":{"line":106,"column":8},"end":{"line":106,"column":8}}]},"12":{"line":119,"type":"if","locations":[{"start":{"line":119,"column":8},"end":{"line":119,"column":8}},{"start":{"line":119,"column":8},"end":{"line":119,"column":8}}]},"13":{"line":120,"type":"if","locations":[{"start":{"line":120,"column":8},"end":{"line":120,"column":8}},{"start":{"line":120,"column":8},"end":{"line":120,"column":8}}]},"14":{"line":121,"type":"if","locations":[{"start":{"line":121,"column":9},"end":{"line":121,"column":9}},{"start":{"line":121,"column":9},"end":{"line":121,"column":9}}]},"15":{"line":122,"type":"if","locations":[{"start":{"line":122,"column":8},"end":{"line":122,"column":8}},{"start":{"line":122,"column":8},"end":{"line":122,"column":8}}]},"16":{"line":147,"type":"if","locations":[{"start":{"line":147,"column":10},"end":{"line":147,"column":10}},{"start":{"line":147,"column":10},"end":{"line":147,"column":10}}]}}},
"contracts/TokenD.sol":{"l":{"10":0,"11":0,"12":0,"16":0,"17":0,"18":0,"22":0,"23":0,"25":0,"26":0,"27":0,"31":0,"32":0,"33":0,"37":0,"38":0,"68":0,"69":0,"70":0,"71":0,"72":0,"73":0,"77":0,"78":0,"86":0,"94":0,"95":0,"96":0,"97":0,"105":0,"106":0,"108":0,"109":0,"110":0,"111":0,"119":0,"120":0,"121":0,"122":0,"123":0,"124":0,"125":0,"126":0,"135":0,"143":0,"147":0,"148":0,"149":0,"150":0},"path":"/home/devel-sultana/WFH/research/oro2 (copy)/contracts/TokenD.sol","s":{"1":0,"2":0,"3":0,"4":0,"5":0,"6":0,"7":0,"8":0,"9":0,"10":0,"11":0,"12":0,"13":0,"14":0,"15":0,"16":0,"17":0,"18":0,"19":0,"20":0,"21":0,"22":0,"23":0,"24":0,"25":0,"26":0,"27":0,"28":0,"29":0,"30":0,"31":0,"32":0,"33":0,"34":0,"35":0,"36":0,"37":0,"38":0,"39":0,"40":0,"41":0,"42":0,"43":0,"44":0,"45":0,"46":0,"47":0,"48":0},"b":{"1":[0,0],"2":[0,0],"3":[0,0],"4":[0,0],"5":[0,0],"6":[0,0],"7":[0,0],"8":[0,0],"9":[0,0],"10":[0,0],"11":[0,0],"12":[0,0],"13":[0,0],"14":[0,0],"15":[0,0],"16":[0,0]},"f":{"1":0,"2":0,"3":0,"4":0,"5":0,"6":0,"7":0,"8":0,"9":0,"10":0,"11":0,"12":0,"13":0,"14":0},"fnMap":{"1":{"name":"add","line":9,"loc":{"start":{"line":9,"column":4},"end":{"line":13,"column":4}}},"2":{"name":"sub","line":15,"loc":{"start":{"line":15,"column":4},"end":{"line":19,"column":4}}},"3":{"name":"mul","line":21,"loc":{"start":{"line":21,"column":4},"end":{"line":28,"column":4}}},"4":{"name":"div","line":30,"loc":{"start":{"line":30,"column":4},"end":{"line":34,"column":4}}},"5":{"name":"mod","line":36,"loc":{"start":{"line":36,"column":4},"end":{"line":39,"column":4}}},"6":{"name":"constructor","line":67,"loc":{"start":{"line":67,"column":4},"end":{"line":74,"column":4}}},"7":{"name":"onlyOwner","line":76,"loc":{"start":{"line":76,"column":4},"end":{"line":79,"column":5}}},"8":{"name":"allowance","line":85,"loc":{"start":{"line":85,"column":4},"end":{"line":87,"column":4}}},"9":{"name":"approve","line":93,"loc":{"start":{"line":93,"column":4},"end":{"line":98,"column":4}}},"10":{"name":"transfer","line":104,"loc":{"start":{"line":104,"column":4},"end":{"line":112,"column":4}}},"11":{"name":"transferFrom","line":118,"loc":{"start":{"line":118,"column":4},"end":{"line":127,"column":4}}},"12":{"name":"totalSupply","line":134,"loc":{"start":{"line":134,"column":4},"end":{"line":136,"column":4}}},"13":{"name":"balanceOf","line":142,"loc":{"start":{"line":142,"column":4},"end":{"line":144,"column":4}}},"14":{"name":"mint","line":146,"loc":{"start":{"line":146,"column":3},"end":{"line":152,"column":4}}}},"statementMap":{"1":{"start":{"line":10,"column":8},"end":{"line":10,"column":25}},"2":{"start":{"line":11,"column":8},"end":{"line":11,"column":53}},"3":{"start":{"line":12,"column":8},"end":{"line":12,"column":16}},"4":{"start":{"line":16,"column":8},"end":{"line":16,"column":56}},"5":{"start":{"line":17,"column":8},"end":{"line":17,"column":25}},"6":{"start":{"line":18,"column":8},"end":{"line":18,"column":16}},"7":{"start":{"line":22,"column":8},"end":{"line":22,"column":568}},"8":{"start":{"line":23,"column":12},"end":{"line":23,"column":20}},"9":{"start":{"line":25,"column":8},"end":{"line":25,"column":25}},"10":{"start":{"line":26,"column":8},"end":{"line":26,"column":63}},"11":{"start":{"line":27,"column":8},"end":{"line":27,"column":16}},"12":{"start":{"line":31,"column":8},"end":{"line":31,"column":51}},"13":{"start":{"line":32,"column":8},"end":{"line":32,"column":25}},"14":{"start":{"line":33,"column":8},"end":{"line":33,"column":16}},"15":{"start":{"line":37,"column":8},"end":{"line":37,"column":50}},"16":{"start":{"line":38,"column":8},"end":{"line":38,"column":20}},"17":{"start":{"line":68,"column":8},"end":{"line":68,"column":23}},"18":{"start":{"line":69,"column":8},"end":{"line":69,"column":21}},"19":{"start":{"line":70,"column":8},"end":{"line":70,"column":20}},"20":{"start":{"line":71,"column":8},"end":{"line":71,"column":55}},"21":{"start":{"line":72,"column":8},"end":{"line":72,"column":25}},"22":{"start":{"line":73,"column":8},"end":{"line":73,"column":58}},"23":{"start":{"line":77,"column":8},"end":{"line":77,"column":51}},"24":{"start":{"line":86,"column":8},"end":{"line":86,"column":40}},"25":{"start":{"line":94,"column":8},"end":{"line":94,"column":49}},"26":{"start":{"line":95,"column":8},"end":{"line":95,"column":62}},"27":{"start":{"line":96,"column":8},"end":{"line":96,"column":45}},"28":{"start":{"line":97,"column":8},"end":{"line":97,"column":49}},"29":{"start":{"line":105,"column":8},"end":{"line":105,"column":44}},"30":{"start":{"line":106,"column":8},"end":{"line":106,"column":42}},"31":{"start":{"line":108,"column":8},"end":{"line":108,"column":62}},"32":{"start":{"line":109,"column":8},"end":{"line":109,"column":48}},"33":{"start":{"line":110,"column":8},"end":{"line":110,"column":44}},"34":{"start":{"line":111,"column":8},"end":{"line":111,"column":19}},"35":{"start":{"line":119,"column":8},"end":{"line":119,"column":46}},"36":{"start":{"line":120,"column":8},"end":{"line":120,"column":44}},"37":{"start":{"line":121,"column":9},"end":{"line":121,"column":66}},"38":{"start":{"line":122,"column":8},"end":{"line":122,"column":78}},"39":{"start":{"line":123,"column":8},"end":{"line":123,"column":52}},"40":{"start":{"line":124,"column":8},"end":{"line":124,"column":62}},"41":{"start":{"line":125,"column":8},"end":{"line":125,"column":74}},"42":{"start":{"line":126,"column":8},"end":{"line":126,"column":19}},"43":{"start":{"line":135,"column":8},"end":{"line":135,"column":27}},"44":{"start":{"line":143,"column":7},"end":{"line":143,"column":31}},"45":{"start":{"line":147,"column":10},"end":{"line":147,"column":73}},"46":{"start":{"line":148,"column":10},"end":{"line":148,"column":58}},"47":{"start":{"line":149,"column":10},"end":{"line":149,"column":48}},"48":{"start":{"line":150,"column":10},"end":{"line":150,"column":52}}},"branchMap":{"1":{"line":11,"type":"if","locations":[{"start":{"line":11,"column":8},"end":{"line":11,"column":8}},{"start":{"line":11,"column":8},"end":{"line":11,"column":8}}]},"2":{"line":16,"type":"if","locations":[{"start":{"line":16,"column":8},"end":{"line":16,"column":8}},{"start":{"line":16,"column":8},"end":{"line":16,"column":8}}]},"3":{"line":22,"type":"if","locations":[{"start":{"line":22,"column":8},"end":{"line":22,"column":8}},{"start":{"line":22,"column":8},"end":{"line":22,"column":8}}]},"4":{"line":26,"type":"if","locations":[{"start":{"line":26,"column":8},"end":{"line":26,"column":8}},{"start":{"line":26,"column":8},"end":{"line":26,"column":8}}]},"5":{"line":31,"type":"if","locations":[{"start":{"line":31,"column":8},"end":{"line":31,"column":8}},{"start":{"line":31,"column":8},"end":{"line":31,"column":8}}]},"6":{"line":37,"type":"if","locations":[{"start":{"line":37,"column":8},"end":{"line":37,"column":8}},{"start":{"line":37,"column":8},"end":{"line":37,"column":8}}]},"7":{"line":77,"type":"if","locations":[{"start":{"line":77,"column":8},"end":{"line":77,"column":8}},{"start":{"line":77,"column":8},"end":{"line":77,"column":8}}]},"8":{"line":94,"type":"if","locations":[{"start":{"line":94,"column":8},"end":{"line":94,"column":8}},{"start":{"line":94,"column":8},"end":{"line":94,"column":8}}]},"9":{"line":95,"type":"if","locations":[{"start":{"line":95,"column":8},"end":{"line":95,"column":8}},{"start":{"line":95,"column":8},"end":{"line":95,"column":8}}]},"10":{"line":105,"type":"if","locations":[{"start":{"line":105,"column":8},"end":{"line":105,"column":8}},{"start":{"line":105,"column":8},"end":{"line":105,"column":8}}]},"11":{"line":106,"type":"if","locations":[{"start":{"line":106,"column":8},"end":{"line":106,"column":8}},{"start":{"line":106,"column":8},"end":{"line":106,"column":8}}]},"12":{"line":119,"type":"if","locations":[{"start":{"line":119,"column":8},"end":{"line":119,"column":8}},{"start":{"line":119,"column":8},"end":{"line":119,"column":8}}]},"13":{"line":120,"type":"if","locations":[{"start":{"line":120,"column":8},"end":{"line":120,"column":8}},{"start":{"line":120,"column":8},"end":{"line":120,"column":8}}]},"14":{"line":121,"type":"if","locations":[{"start":{"line":121,"column":9},"end":{"line":121,"column":9}},{"start":{"line":121,"column":9},"end":{"line":121,"column":9}}]},"15":{"line":122,"type":"if","locations":[{"start":{"line":122,"column":8},"end":{"line":122,"column":8}},{"start":{"line":122,"column":8},"end":{"line":122,"column":8}}]},"16":{"line":147,"type":"if","locations":[{"start":{"line":147,"column":10},"end":{"line":147,"column":10}},{"start":{"line":147,"column":10},"end":{"line":147,"column":10}}]}}},
"contracts/TokenE.sol":{"l":{"10":0,"11":0,"12":0,"16":0,"17":0,"18":0,"22":0,"23":0,"25":0,"26":0,"27":0,"31":0,"32":0,"33":0,"37":0,"38":0,"68":0,"69":0,"70":0,"71":0,"72":0,"73":0,"77":0,"78":0,"86":0,"94":0,"95":0,"96":0,"97":0,"105":0,"106":0,"108":0,"109":0,"110":0,"111":0,"119":0,"120":0,"121":0,"122":0,"123":0,"124":0,"125":0,"126":0,"135":0,"143":0,"147":0,"148":0,"149":0,"150":0},"path":"/home/devel-sultana/WFH/research/oro2 (copy)/contracts/TokenE.sol","s":{"1":0,"2":0,"3":0,"4":0,"5":0,"6":0,"7":0,"8":0,"9":0,"10":0,"11":0,"12":0,"13":0,"14":0,"15":0,"16":0,"17":0,"18":0,"19":0,"20":0,"21":0,"22":0,"23":0,"24":0,"25":0,"26":0,"27":0,"28":0,"29":0,"30":0,"31":0,"32":0,"33":0,"34":0,"35":0,"36":0,"37":0,"38":0,"39":0,"40":0,"41":0,"42":0,"43":0,"44":0,"45":0,"46":0,"47":0,"48":0},"b":{"1":[0,0],"2":[0,0],"3":[0,0],"4":[0,0],"5":[0,0],"6":[0,0],"7":[0,0],"8":[0,0],"9":[0,0],"10":[0,0],"11":[0,0],"12":[0,0],"13":[0,0],"14":[0,0],"15":[0,0],"16":[0,0]},"f":{"1":0,"2":0,"3":0,"4":0,"5":0,"6":0,"7":0,"8":0,"9":0,"10":0,"11":0,"12":0,"13":0,"14":0},"fnMap":{"1":{"name":"add","line":9,"loc":{"start":{"line":9,"column":4},"end":{"line":13,"column":4}}},"2":{"name":"sub","line":15,"loc":{"start":{"line":15,"column":4},"end":{"line":19,"column":4}}},"3":{"name":"mul","line":21,"loc":{"start":{"line":21,"column":4},"end":{"line":28,"column":4}}},"4":{"name":"div","line":30,"loc":{"start":{"line":30,"column":4},"end":{"line":34,"column":4}}},"5":{"name":"mod","line":36,"loc":{"start":{"line":36,"column":4},"end":{"line":39,"column":4}}},"6":{"name":"constructor","line":67,"loc":{"start":{"line":67,"column":4},"end":{"line":74,"column":4}}},"7":{"name":"onlyOwner","line":76,"loc":{"start":{"line":76,"column":4},"end":{"line":79,"column":5}}},"8":{"name":"allowance","line":85,"loc":{"start":{"line":85,"column":4},"end":{"line":87,"column":4}}},"9":{"name":"approve","line":93,"loc":{"start":{"line":93,"column":4},"end":{"line":98,"column":4}}},"10":{"name":"transfer","line":104,"loc":{"start":{"line":104,"column":4},"end":{"line":112,"column":4}}},"11":{"name":"transferFrom","line":118,"loc":{"start":{"line":118,"column":4},"end":{"line":127,"column":4}}},"12":{"name":"totalSupply","line":134,"loc":{"start":{"line":134,"column":4},"end":{"line":136,"column":4}}},"13":{"name":"balanceOf","line":142,"loc":{"start":{"line":142,"column":4},"end":{"line":144,"column":4}}},"14":{"name":"mint","line":146,"loc":{"start":{"line":146,"column":3},"end":{"line":152,"column":4}}}},"statementMap":{"1":{"start":{"line":10,"column":8},"end":{"line":10,"column":25}},"2":{"start":{"line":11,"column":8},"end":{"line":11,"column":53}},"3":{"start":{"line":12,"column":8},"end":{"line":12,"column":16}},"4":{"start":{"line":16,"column":8},"end":{"line":16,"column":56}},"5":{"start":{"line":17,"column":8},"end":{"line":17,"column":25}},"6":{"start":{"line":18,"column":8},"end":{"line":18,"column":16}},"7":{"start":{"line":22,"column":8},"end":{"line":22,"column":568}},"8":{"start":{"line":23,"column":12},"end":{"line":23,"column":20}},"9":{"start":{"line":25,"column":8},"end":{"line":25,"column":25}},"10":{"start":{"line":26,"column":8},"end":{"line":26,"column":63}},"11":{"start":{"line":27,"column":8},"end":{"line":27,"column":16}},"12":{"start":{"line":31,"column":8},"end":{"line":31,"column":51}},"13":{"start":{"line":32,"column":8},"end":{"line":32,"column":25}},"14":{"start":{"line":33,"column":8},"end":{"line":33,"column":16}},"15":{"start":{"line":37,"column":8},"end":{"line":37,"column":50}},"16":{"start":{"line":38,"column":8},"end":{"line":38,"column":20}},"17":{"start":{"line":68,"column":8},"end":{"line":68,"column":23}},"18":{"start":{"line":69,"column":8},"end":{"line":69,"column":21}},"19":{"start":{"line":70,"column":8},"end":{"line":70,"column":20}},"20":{"start":{"line":71,"column":8},"end":{"line":71,"column":55}},"21":{"start":{"line":72,"column":8},"end":{"line":72,"column":25}},"22":{"start":{"line":73,"column":8},"end":{"line":73,"column":58}},"23":{"start":{"line":77,"column":8},"end":{"line":77,"column":51}},"24":{"start":{"line":86,"column":8},"end":{"line":86,"column":40}},"25":{"start":{"line":94,"column":8},"end":{"line":94,"column":49}},"26":{"start":{"line":95,"column":8},"end":{"line":95,"column":62}},"27":{"start":{"line":96,"column":8},"end":{"line":96,"column":45}},"28":{"start":{"line":97,"column":8},"end":{"line":97,"column":49}},"29":{"start":{"line":105,"column":8},"end":{"line":105,"column":44}},"30":{"start":{"line":106,"column":8},"end":{"line":106,"column":42}},"31":{"start":{"line":108,"column":8},"end":{"line":108,"column":62}},"32":{"start":{"line":109,"column":8},"end":{"line":109,"column":48}},"33":{"start":{"line":110,"column":8},"end":{"line":110,"column":44}},"34":{"start":{"line":111,"column":8},"end":{"line":111,"column":19}},"35":{"start":{"line":119,"column":8},"end":{"line":119,"column":46}},"36":{"start":{"line":120,"column":8},"end":{"line":120,"column":44}},"37":{"start":{"line":121,"column":9},"end":{"line":121,"column":66}},"38":{"start":{"line":122,"column":8},"end":{"line":122,"column":78}},"39":{"start":{"line":123,"column":8},"end":{"line":123,"column":52}},"40":{"start":{"line":124,"column":8},"end":{"line":124,"column":62}},"41":{"start":{"line":125,"column":8},"end":{"line":125,"column":74}},"42":{"start":{"line":126,"column":8},"end":{"line":126,"column":19}},"43":{"start":{"line":135,"column":8},"end":{"line":135,"column":27}},"44":{"start":{"line":143,"column":7},"end":{"line":143,"column":31}},"45":{"start":{"line":147,"column":10},"end":{"line":147,"column":73}},"46":{"start":{"line":148,"column":10},"end":{"line":148,"column":58}},"47":{"start":{"line":149,"column":10},"end":{"line":149,"column":48}},"48":{"start":{"line":150,"column":10},"end":{"line":150,"column":52}}},"branchMap":{"1":{"line":11,"type":"if","locations":[{"start":{"line":11,"column":8},"end":{"line":11,"column":8}},{"start":{"line":11,"column":8},"end":{"line":11,"column":8}}]},"2":{"line":16,"type":"if","locations":[{"start":{"line":16,"column":8},"end":{"line":16,"column":8}},{"start":{"line":16,"column":8},"end":{"line":16,"column":8}}]},"3":{"line":22,"type":"if","locations":[{"start":{"line":22,"column":8},"end":{"line":22,"column":8}},{"start":{"line":22,"column":8},"end":{"line":22,"column":8}}]},"4":{"line":26,"type":"if","locations":[{"start":{"line":26,"column":8},"end":{"line":26,"column":8}},{"start":{"line":26,"column":8},"end":{"line":26,"column":8}}]},"5":{"line":31,"type":"if","locations":[{"start":{"line":31,"column":8},"end":{"line":31,"column":8}},{"start":{"line":31,"column":8},"end":{"line":31,"column":8}}]},"6":{"line":37,"type":"if","locations":[{"start":{"line":37,"column":8},"end":{"line":37,"column":8}},{"start":{"line":37,"column":8},"end":{"line":37,"column":8}}]},"7":{"line":77,"type":"if","locations":[{"start":{"line":77,"column":8},"end":{"line":77,"column":8}},{"start":{"line":77,"column":8},"end":{"line":77,"column":8}}]},"8":{"line":94,"type":"if","locations":[{"start":{"line":94,"column":8},"end":{"line":94,"column":8}},{"start":{"line":94,"column":8},"end":{"line":94,"column":8}}]},"9":{"line":95,"type":"if","locations":[{"start":{"line":95,"column":8},"end":{"line":95,"column":8}},{"start":{"line":95,"column":8},"end":{"line":95,"column":8}}]},"10":{"line":105,"type":"if","locations":[{"start":{"line":105,"column":8},"end":{"line":105,"column":8}},{"start":{"line":105,"column":8},"end":{"line":105,"column":8}}]},"11":{"line":106,"type":"if","locations":[{"start":{"line":106,"column":8},"end":{"line":106,"column":8}},{"start":{"line":106,"column":8},"end":{"line":106,"column":8}}]},"12":{"line":119,"type":"if","locations":[{"start":{"line":119,"column":8},"end":{"line":119,"column":8}},{"start":{"line":119,"column":8},"end":{"line":119,"column":8}}]},"13":{"line":120,"type":"if","locations":[{"start":{"line":120,"column":8},"end":{"line":120,"column":8}},{"start":{"line":120,"column":8},"end":{"line":120,"column":8}}]},"14":{"line":121,"type":"if","locations":[{"start":{"line":121,"column":9},"end":{"line":121,"column":9}},{"start":{"line":121,"column":9},"end":{"line":121,"column":9}}]},"15":{"line":122,"type":"if","locations":[{"start":{"line":122,"column":8},"end":{"line":122,"column":8}},{"start":{"line":122,"column":8},"end":{"line":122,"column":8}}]},"16":{"line":147,"type":"if","locations":[{"start":{"line":147,"column":10},"end":{"line":147,"column":10}},{"start":{"line":147,"column":10},"end":{"line":147,"column":10}}]}}},
"contracts/TokenF.sol":{"l":{"10":0,"11":0,"12":0,"16":0,"17":0,"18":0,"22":0,"23":0,"25":0,"26":0,"27":0,"31":0,"32":0,"33":0,"37":0,"38":0,"68":0,"69":0,"70":0,"71":0,"72":0,"73":0,"77":0,"78":0,"86":0,"94":0,"95":0,"96":0,"97":0,"105":0,"106":0,"108":0,"109":0,"110":0,"111":0,"119":0,"120":0,"121":0,"122":0,"123":0,"124":0,"125":0,"126":0,"135":0,"143":0,"147":0,"148":0,"149":0,"150":0},"path":"/home/devel-sultana/WFH/research/oro2 (copy)/contracts/TokenF.sol","s":{"1":0,"2":0,"3":0,"4":0,"5":0,"6":0,"7":0,"8":0,"9":0,"10":0,"11":0,"12":0,"13":0,"14":0,"15":0,"16":0,"17":0,"18":0,"19":0,"20":0,"21":0,"22":0,"23":0,"24":0,"25":0,"26":0,"27":0,"28":0,"29":0,"30":0,"31":0,"32":0,"33":0,"34":0,"35":0,"36":0,"37":0,"38":0,"39":0,"40":0,"41":0,"42":0,"43":0,"44":0,"45":0,"46":0,"47":0,"48":0},"b":{"1":[0,0],"2":[0,0],"3":[0,0],"4":[0,0],"5":[0,0],"6":[0,0],"7":[0,0],"8":[0,0],"9":[0,0],"10":[0,0],"11":[0,0],"12":[0,0],"13":[0,0],"14":[0,0],"15":[0,0],"16":[0,0]},"f":{"1":0,"2":0,"3":0,"4":0,"5":0,"6":0,"7":0,"8":0,"9":0,"10":0,"11":0,"12":0,"13":0,"14":0},"fnMap":{"1":{"name":"add","line":9,"loc":{"start":{"line":9,"column":4},"end":{"line":13,"column":4}}},"2":{"name":"sub","line":15,"loc":{"start":{"line":15,"column":4},"end":{"line":19,"column":4}}},"3":{"name":"mul","line":21,"loc":{"start":{"line":21,"column":4},"end":{"line":28,"column":4}}},"4":{"name":"div","line":30,"loc":{"start":{"line":30,"column":4},"end":{"line":34,"column":4}}},"5":{"name":"mod","line":36,"loc":{"start":{"line":36,"column":4},"end":{"line":39,"column":4}}},"6":{"name":"constructor","line":67,"loc":{"start":{"line":67,"column":4},"end":{"line":74,"column":4}}},"7":{"name":"onlyOwner","line":76,"loc":{"start":{"line":76,"column":4},"end":{"line":79,"column":5}}},"8":{"name":"allowance","line":85,"loc":{"start":{"line":85,"column":4},"end":{"line":87,"column":4}}},"9":{"name":"approve","line":93,"loc":{"start":{"line":93,"column":4},"end":{"line":98,"column":4}}},"10":{"name":"transfer","line":104,"loc":{"start":{"line":104,"column":4},"end":{"line":112,"column":4}}},"11":{"name":"transferFrom","line":118,"loc":{"start":{"line":118,"column":4},"end":{"line":127,"column":4}}},"12":{"name":"totalSupply","line":134,"loc":{"start":{"line":134,"column":4},"end":{"line":136,"column":4}}},"13":{"name":"balanceOf","line":142,"loc":{"start":{"line":142,"column":4},"end":{"line":144,"column":4}}},"14":{"name":"mint","line":146,"loc":{"start":{"line":146,"column":3},"end":{"line":152,"column":4}}}},"statementMap":{"1":{"start":{"line":10,"column":8},"end":{"line":10,"column":25}},"2":{"start":{"line":11,"column":8},"end":{"line":11,"column":53}},"3":{"start":{"line":12,"column":8},"end":{"line":12,"column":16}},"4":{"start":{"line":16,"column":8},"end":{"line":16,"column":56}},"5":{"start":{"line":17,"column":8},"end":{"line":17,"column":25}},"6":{"start":{"line":18,"column":8},"end":{"line":18,"column":16}},"7":{"start":{"line":22,"column":8},"end":{"line":22,"column":568}},"8":{"start":{"line":23,"column":12},"end":{"line":23,"column":20}},"9":{"start":{"line":25,"column":8},"end":{"line":25,"column":25}},"10":{"start":{"line":26,"column":8},"end":{"line":26,"column":63}},"11":{"start":{"line":27,"column":8},"end":{"line":27,"column":16}},"12":{"start":{"line":31,"column":8},"end":{"line":31,"column":51}},"13":{"start":{"line":32,"column":8},"end":{"line":32,"column":25}},"14":{"start":{"line":33,"column":8},"end":{"line":33,"column":16}},"15":{"start":{"line":37,"column":8},"end":{"line":37,"column":50}},"16":{"start":{"line":38,"column":8},"end":{"line":38,"column":20}},"17":{"start":{"line":68,"column":8},"end":{"line":68,"column":23}},"18":{"start":{"line":69,"column":8},"end":{"line":69,"column":21}},"19":{"start":{"line":70,"column":8},"end":{"line":70,"column":20}},"20":{"start":{"line":71,"column":8},"end":{"line":71,"column":55}},"21":{"start":{"line":72,"column":8},"end":{"line":72,"column":25}},"22":{"start":{"line":73,"column":8},"end":{"line":73,"column":58}},"23":{"start":{"line":77,"column":8},"end":{"line":77,"column":51}},"24":{"start":{"line":86,"column":8},"end":{"line":86,"column":40}},"25":{"start":{"line":94,"column":8},"end":{"line":94,"column":49}},"26":{"start":{"line":95,"column":8},"end":{"line":95,"column":62}},"27":{"start":{"line":96,"column":8},"end":{"line":96,"column":45}},"28":{"start":{"line":97,"column":8},"end":{"line":97,"column":49}},"29":{"start":{"line":105,"column":8},"end":{"line":105,"column":44}},"30":{"start":{"line":106,"column":8},"end":{"line":106,"column":42}},"31":{"start":{"line":108,"column":8},"end":{"line":108,"column":62}},"32":{"start":{"line":109,"column":8},"end":{"line":109,"column":48}},"33":{"start":{"line":110,"column":8},"end":{"line":110,"column":44}},"34":{"start":{"line":111,"column":8},"end":{"line":111,"column":19}},"35":{"start":{"line":119,"column":8},"end":{"line":119,"column":46}},"36":{"start":{"line":120,"column":8},"end":{"line":120,"column":44}},"37":{"start":{"line":121,"column":9},"end":{"line":121,"column":66}},"38":{"start":{"line":122,"column":8},"end":{"line":122,"column":78}},"39":{"start":{"line":123,"column":8},"end":{"line":123,"column":52}},"40":{"start":{"line":124,"column":8},"end":{"line":124,"column":62}},"41":{"start":{"line":125,"column":8},"end":{"line":125,"column":74}},"42":{"start":{"line":126,"column":8},"end":{"line":126,"column":19}},"43":{"start":{"line":135,"column":8},"end":{"line":135,"column":27}},"44":{"start":{"line":143,"column":7},"end":{"line":143,"column":31}},"45":{"start":{"line":147,"column":10},"end":{"line":147,"column":73}},"46":{"start":{"line":148,"column":10},"end":{"line":148,"column":58}},"47":{"start":{"line":149,"column":10},"end":{"line":149,"column":48}},"48":{"start":{"line":150,"column":10},"end":{"line":150,"column":52}}},"branchMap":{"1":{"line":11,"type":"if","locations":[{"start":{"line":11,"column":8},"end":{"line":11,"column":8}},{"start":{"line":11,"column":8},"end":{"line":11,"column":8}}]},"2":{"line":16,"type":"if","locations":[{"start":{"line":16,"column":8},"end":{"line":16,"column":8}},{"start":{"line":16,"column":8},"end":{"line":16,"column":8}}]},"3":{"line":22,"type":"if","locations":[{"start":{"line":22,"column":8},"end":{"line":22,"column":8}},{"start":{"line":22,"column":8},"end":{"line":22,"column":8}}]},"4":{"line":26,"type":"if","locations":[{"start":{"line":26,"column":8},"end":{"line":26,"column":8}},{"start":{"line":26,"column":8},"end":{"line":26,"column":8}}]},"5":{"line":31,"type":"if","locations":[{"start":{"line":31,"column":8},"end":{"line":31,"column":8}},{"start":{"line":31,"column":8},"end":{"line":31,"column":8}}]},"6":{"line":37,"type":"if","locations":[{"start":{"line":37,"column":8},"end":{"line":37,"column":8}},{"start":{"line":37,"column":8},"end":{"line":37,"column":8}}]},"7":{"line":77,"type":"if","locations":[{"start":{"line":77,"column":8},"end":{"line":77,"column":8}},{"start":{"line":77,"column":8},"end":{"line":77,"column":8}}]},"8":{"line":94,"type":"if","locations":[{"start":{"line":94,"column":8},"end":{"line":94,"column":8}},{"start":{"line":94,"column":8},"end":{"line":94,"column":8}}]},"9":{"line":95,"type":"if","locations":[{"start":{"line":95,"column":8},"end":{"line":95,"column":8}},{"start":{"line":95,"column":8},"end":{"line":95,"column":8}}]},"10":{"line":105,"type":"if","locations":[{"start":{"line":105,"column":8},"end":{"line":105,"column":8}},{"start":{"line":105,"column":8},"end":{"line":105,"column":8}}]},"11":{"line":106,"type":"if","locations":[{"start":{"line":106,"column":8},"end":{"line":106,"column":8}},{"start":{"line":106,"column":8},"end":{"line":106,"column":8}}]},"12":{"line":119,"type":"if","locations":[{"start":{"line":119,"column":8},"end":{"line":119,"column":8}},{"start":{"line":119,"column":8},"end":{"line":119,"column":8}}]},"13":{"line":120,"type":"if","locations":[{"start":{"line":120,"column":8},"end":{"line":120,"column":8}},{"start":{"line":120,"column":8},"end":{"line":120,"column":8}}]},"14":{"line":121,"type":"if","locations":[{"start":{"line":121,"column":9},"end":{"line":121,"column":9}},{"start":{"line":121,"column":9},"end":{"line":121,"column":9}}]},"15":{"line":122,"type":"if","locations":[{"start":{"line":122,"column":8},"end":{"line":122,"column":8}},{"start":{"line":122,"column":8},"end":{"line":122,"column":8}}]},"16":{"line":147,"type":"if","locations":[{"start":{"line":147,"column":10},"end":{"line":147,"column":10}},{"start":{"line":147,"column":10},"end":{"line":147,"column":10}}]}}},
"contracts/Unifarm.sol":{"l":{"117":36,"118":36,"120":36,"134":93,"148":93,"149":93,"151":93,"168":102,"169":0,"172":102,"173":102,"175":102,"191":62,"207":62,"208":62,"211":62,"227":0,"243":0,"244":0,"264":20,"268":0,"269":0,"299":1,"300":1,"301":1,"308":0,"315":19,"316":19,"327":0,"328":0,"336":0,"337":0,"338":0,"382":6,"383":6,"385":6,"386":6,"387":6,"388":6,"390":6,"396":6,"400":6,"402":6,"403":36,"405":36,"415":6,"417":6,"418":36,"422":36,"426":36,"435":0,"436":0,"437":0,"438":0,"447":0,"451":0,"453":0,"454":0,"455":0,"464":1,"469":1,"470":1,"482":0,"486":0,"531":12,"535":12,"539":12,"545":12,"548":12,"549":12,"550":12,"551":12,"552":12,"553":12,"557":12,"558":12,"559":12,"565":0,"570":0,"571":0,"572":0,"574":0,"575":0,"576":0,"582":0,"583":0,"588":0,"589":0,"590":0,"598":0,"600":0,"601":0,"602":0,"603":0,"605":0,"607":0,"612":0,"614":0,"625":0,"626":0,"630":0,"632":0,"640":11,"645":11,"646":11,"647":11,"649":11,"650":4,"651":4,"657":7,"658":7,"663":11,"664":11,"665":11,"672":11,"677":11,"678":11,"679":45,"680":41,"682":41,"687":41,"695":40,"706":40,"712":41,"714":4,"725":51,"738":51,"739":51,"743":51,"745":51,"756":11,"758":11,"759":11,"765":11,"769":11,"770":11,"771":11,"773":11,"781":11,"796":0},"path":"/home/devel-sultana/WFH/research/oro2 (copy)/contracts/Unifarm.sol","s":{"1":36,"2":36,"3":36,"4":93,"5":93,"6":93,"7":93,"8":102,"9":0,"10":102,"11":102,"12":102,"13":62,"14":62,"15":62,"16":62,"17":0,"18":0,"19":0,"20":20,"21":0,"22":1,"23":1,"24":1,"25":0,"26":19,"27":0,"28":0,"29":0,"30":0,"31":0,"32":6,"33":6,"34":6,"35":6,"36":6,"37":6,"38":6,"39":6,"40":6,"41":6,"42":36,"43":36,"44":6,"45":6,"46":36,"47":36,"48":36,"49":0,"50":0,"51":0,"52":0,"53":0,"54":0,"55":0,"56":0,"57":0,"58":1,"59":1,"60":1,"61":0,"62":0,"63":12,"64":12,"65":12,"66":12,"67":12,"68":12,"69":12,"70":12,"71":12,"72":12,"73":12,"74":12,"75":12,"76":0,"77":0,"78":0,"79":0,"80":0,"81":0,"82":0,"83":0,"84":0,"85":0,"86":0,"87":0,"88":0,"89":0,"90":0,"91":0,"92":0,"93":0,"94":0,"95":0,"96":0,"97":0,"98":0,"99":0,"100":0,"101":11,"102":11,"103":11,"104":11,"105":11,"106":4,"107":4,"108":7,"109":7,"110":7,"111":11,"112":11,"113":11,"114":11,"115":11,"116":11,"117":45,"118":41,"119":41,"120":41,"121":40,"122":40,"123":41,"124":51,"125":51,"126":51,"127":51,"128":51,"129":11,"130":11,"131":11,"132":11,"133":11,"134":11,"135":11,"136":11,"137":11,"138":0},"b":{"1":[36,0],"2":[93,0],"3":[0,102],"4":[102,0],"5":[62,0],"6":[0,0],"7":[19,0],"8":[0,0],"9":[6,0],"10":[6,0],"11":[36,0],"12":[36,0],"13":[36,0],"14":[0,0],"15":[0,0],"16":[1,0],"17":[0,0],"18":[12,0],"19":[12,0],"20":[12,0],"21":[0,0],"22":[0,0],"23":[0,0],"24":[0,0],"25":[0,0],"26":[0,0],"27":[0,0],"28":[11,0],"29":[4,7],"30":[7,0],"31":[11,0],"32":[41,4],"33":[40,1],"34":[51,0],"35":[51,0],"36":[11,0],"37":[11,0]},"f":{"1":36,"2":93,"3":93,"4":102,"5":62,"6":62,"7":0,"8":0,"9":20,"10":0,"11":1,"12":0,"13":19,"14":0,"15":0,"16":6,"17":6,"18":6,"19":0,"20":0,"21":0,"22":1,"23":0,"24":12,"25":0,"26":11,"27":51,"28":51,"29":11,"30":0},"fnMap":{"1":{"name":"add","line":116,"loc":{"start":{"line":116,"column":4},"end":{"line":121,"column":4}}},"2":{"name":"sub","line":133,"loc":{"start":{"line":133,"column":4},"end":{"line":135,"column":4}}},"3":{"name":"sub","line":147,"loc":{"start":{"line":147,"column":4},"end":{"line":152,"column":4}}},"4":{"name":"mul","line":164,"loc":{"start":{"line":164,"column":4},"end":{"line":176,"column":4}}},"5":{"name":"div","line":190,"loc":{"start":{"line":190,"column":4},"end":{"line":192,"column":4}}},"6":{"name":"div","line":206,"loc":{"start":{"line":206,"column":4},"end":{"line":212,"column":4}}},"7":{"name":"mod","line":226,"loc":{"start":{"line":226,"column":4},"end":{"line":228,"column":4}}},"8":{"name":"mod","line":242,"loc":{"start":{"line":242,"column":4},"end":{"line":245,"column":4}}},"9":{"name":"_msgSender","line":263,"loc":{"start":{"line":263,"column":4},"end":{"line":265,"column":4}}},"10":{"name":"_msgData","line":267,"loc":{"start":{"line":267,"column":4},"end":{"line":270,"column":4}}},"11":{"name":"constructor","line":298,"loc":{"start":{"line":298,"column":4},"end":{"line":302,"column":4}}},"12":{"name":"owner","line":307,"loc":{"start":{"line":307,"column":4},"end":{"line":309,"column":4}}},"13":{"name":"onlyOwner","line":314,"loc":{"start":{"line":314,"column":4},"end":{"line":317,"column":4}}},"14":{"name":"renounceOwnership","line":326,"loc":{"start":{"line":326,"column":4},"end":{"line":329,"column":4}}},"15":{"name":"transferOwnership","line":335,"loc":{"start":{"line":335,"column":4},"end":{"line":339,"column":4}}},"16":{"name":"addToken","line":381,"loc":{"start":{"line":376,"column":4},"end":{"line":397,"column":4}}},"17":{"name":"setDailyDistribution","line":399,"loc":{"start":{"line":399,"column":4},"end":{"line":409,"column":4}}},"18":{"name":"updateSequence","line":414,"loc":{"start":{"line":411,"column":4},"end":{"line":428,"column":4}}},"19":{"name":"updateToken","line":434,"loc":{"start":{"line":430,"column":4},"end":{"line":444,"column":4}}},"20":{"name":"updateStakeDuration","line":446,"loc":{"start":{"line":446,"column":4},"end":{"line":448,"column":4}}},"21":{"name":"updateIntervalDays","line":450,"loc":{"start":{"line":450,"column":4},"end":{"line":457,"column":4}}},"22":{"name":"changeTokenBlockedStatus","line":463,"loc":{"start":{"line":459,"column":4},"end":{"line":476,"column":4}}},"23":{"name":"safeWithdraw","line":480,"loc":{"start":{"line":478,"column":4},"end":{"line":487,"column":4}}},"24":{"name":"stake","line":530,"loc":{"start":{"line":530,"column":4},"end":{"line":560,"column":4}}},"25":{"name":"viewAvailableRewards","line":563,"loc":{"start":{"line":563,"column":4},"end":{"line":637,"column":4}}},"26":{"name":"claimRewards","line":639,"loc":{"start":{"line":639,"column":4},"end":{"line":718,"column":4}}},"27":{"name":"getOneDayReward","line":720,"loc":{"start":{"line":720,"column":4},"end":{"line":731,"column":4}}},"28":{"name":"sendToken","line":733,"loc":{"start":{"line":733,"column":4},"end":{"line":753,"column":4}}},"29":{"name":"unStake","line":755,"loc":{"start":{"line":755,"column":4},"end":{"line":782,"column":4}}},"30":{"name":"viewStakingDetails","line":784,"loc":{"start":{"line":784,"column":4},"end":{"line":804,"column":4}}}},"statementMap":{"1":{"start":{"line":117,"column":8},"end":{"line":117,"column":25}},"2":{"start":{"line":118,"column":8},"end":{"line":118,"column":53}},"3":{"start":{"line":120,"column":8},"end":{"line":120,"column":16}},"4":{"start":{"line":134,"column":8},"end":{"line":134,"column":58}},"5":{"start":{"line":148,"column":8},"end":{"line":148,"column":36}},"6":{"start":{"line":149,"column":8},"end":{"line":149,"column":25}},"7":{"start":{"line":151,"column":8},"end":{"line":151,"column":16}},"8":{"start":{"line":168,"column":8},"end":{"line":168,"column":5401}},"9":{"start":{"line":169,"column":12},"end":{"line":169,"column":20}},"10":{"start":{"line":172,"column":8},"end":{"line":172,"column":25}},"11":{"start":{"line":173,"column":8},"end":{"line":173,"column":63}},"12":{"start":{"line":175,"column":8},"end":{"line":175,"column":16}},"13":{"start":{"line":191,"column":8},"end":{"line":191,"column":54}},"14":{"start":{"line":207,"column":8},"end":{"line":207,"column":35}},"15":{"start":{"line":208,"column":8},"end":{"line":208,"column":25}},"16":{"start":{"line":211,"column":8},"end":{"line":211,"column":16}},"17":{"start":{"line":227,"column":8},"end":{"line":227,"column":52}},"18":{"start":{"line":243,"column":8},"end":{"line":243,"column":36}},"19":{"start":{"line":244,"column":8},"end":{"line":244,"column":20}},"20":{"start":{"line":264,"column":8},"end":{"line":264,"column":25}},"21":{"start":{"line":269,"column":8},"end":{"line":269,"column":23}},"22":{"start":{"line":299,"column":8},"end":{"line":299,"column":40}},"23":{"start":{"line":300,"column":8},"end":{"line":300,"column":25}},"24":{"start":{"line":301,"column":8},"end":{"line":301,"column":56}},"25":{"start":{"line":308,"column":8},"end":{"line":308,"column":21}},"26":{"start":{"line":315,"column":8},"end":{"line":315,"column":74}},"27":{"start":{"line":327,"column":8},"end":{"line":327,"column":53}},"28":{"start":{"line":328,"column":8},"end":{"line":328,"column":26}},"29":{"start":{"line":336,"column":8},"end":{"line":336,"column":80}},"30":{"start":{"line":337,"column":8},"end":{"line":337,"column":51}},"31":{"start":{"line":338,"column":8},"end":{"line":338,"column":24}},"32":{"start":{"line":382,"column":8},"end":{"line":382,"column":12546}},"33":{"start":{"line":383,"column":12},"end":{"line":383,"column":36}},"34":{"start":{"line":385,"column":8},"end":{"line":385,"column":48}},"35":{"start":{"line":386,"column":8},"end":{"line":386,"column":51}},"36":{"start":{"line":387,"column":8},"end":{"line":387,"column":63}},"37":{"start":{"line":388,"column":8},"end":{"line":388,"column":55}},"38":{"start":{"line":390,"column":8},"end":{"line":390,"column":12845}},"39":{"start":{"line":396,"column":8},"end":{"line":396,"column":19}},"40":{"start":{"line":400,"column":8},"end":{"line":400,"column":123}},"41":{"start":{"line":402,"column":8},"end":{"line":402,"column":13295}},"42":{"start":{"line":403,"column":13},"end":{"line":403,"column":13375}},"43":{"start":{"line":405,"column":12},"end":{"line":405,"column":88}},"44":{"start":{"line":415,"column":8},"end":{"line":415,"column":57}},"45":{"start":{"line":417,"column":8},"end":{"line":417,"column":13811}},"46":{"start":{"line":418,"column":12},"end":{"line":418,"column":13884}},"47":{"start":{"line":422,"column":12},"end":{"line":422,"column":14014}},"48":{"start":{"line":426,"column":12},"end":{"line":426,"column":71}},"49":{"start":{"line":435,"column":8},"end":{"line":435,"column":77}},"50":{"start":{"line":436,"column":8},"end":{"line":436,"column":63}},"51":{"start":{"line":437,"column":8},"end":{"line":437,"column":55}},"52":{"start":{"line":438,"column":8},"end":{"line":438,"column":14580}},"53":{"start":{"line":447,"column":8},"end":{"line":447,"column":35}},"54":{"start":{"line":451,"column":8},"end":{"line":451,"column":38}},"55":{"start":{"line":453,"column":8},"end":{"line":453,"column":14968}},"56":{"start":{"line":454,"column":12},"end":{"line":454,"column":72}},"57":{"start":{"line":455,"column":12},"end":{"line":455,"column":42}},"58":{"start":{"line":464,"column":8},"end":{"line":464,"column":15302}},"59":{"start":{"line":469,"column":8},"end":{"line":469,"column":60}},"60":{"start":{"line":470,"column":8},"end":{"line":470,"column":15540}},"61":{"start":{"line":482,"column":8},"end":{"line":482,"column":15842}},"62":{"start":{"line":486,"column":8},"end":{"line":486,"column":53}},"63":{"start":{"line":531,"column":8},"end":{"line":531,"column":17166}},"64":{"start":{"line":535,"column":8},"end":{"line":535,"column":17291}},"65":{"start":{"line":539,"column":8},"end":{"line":539,"column":17437}},"66":{"start":{"line":545,"column":8},"end":{"line":545,"column":17612}},"67":{"start":{"line":548,"column":8},"end":{"line":548,"column":53}},"68":{"start":{"line":549,"column":8},"end":{"line":549,"column":51}},"69":{"start":{"line":550,"column":8},"end":{"line":550,"column":65}},"70":{"start":{"line":551,"column":8},"end":{"line":551,"column":59}},"71":{"start":{"line":552,"column":8},"end":{"line":552,"column":65}},"72":{"start":{"line":553,"column":8},"end":{"line":553,"column":18034}},"73":{"start":{"line":557,"column":8},"end":{"line":557,"column":74}},"74":{"start":{"line":558,"column":8},"end":{"line":558,"column":75}},"75":{"start":{"line":559,"column":8},"end":{"line":559,"column":69}},"76":{"start":{"line":565,"column":9},"end":{"line":565,"column":18544}},"77":{"start":{"line":570,"column":8},"end":{"line":570,"column":29}},"78":{"start":{"line":571,"column":8},"end":{"line":571,"column":24}},"79":{"start":{"line":572,"column":8},"end":{"line":572,"column":24}},"80":{"start":{"line":574,"column":8},"end":{"line":574,"column":18766}},"81":{"start":{"line":575,"column":12},"end":{"line":575,"column":49}},"82":{"start":{"line":576,"column":12},"end":{"line":576,"column":18896}},"83":{"start":{"line":579,"column":15},"end":{"line":579,"column":19006}},"84":{"start":{"line":582,"column":12},"end":{"line":582,"column":71}},"85":{"start":{"line":583,"column":12},"end":{"line":583,"column":19181}},"86":{"start":{"line":588,"column":8},"end":{"line":588,"column":19295}},"87":{"start":{"line":589,"column":12},"end":{"line":589,"column":40}},"88":{"start":{"line":590,"column":12},"end":{"line":590,"column":19378}},"89":{"start":{"line":598,"column":12},"end":{"line":598,"column":37}},"90":{"start":{"line":600,"column":12},"end":{"line":600,"column":23}},"91":{"start":{"line":601,"column":12},"end":{"line":601,"column":19767}},"92":{"start":{"line":602,"column":16},"end":{"line":602,"column":19821}},"93":{"start":{"line":603,"column":20},"end":{"line":603,"column":76}},"94":{"start":{"line":605,"column":20},"end":{"line":605,"column":107}},"95":{"start":{"line":607,"column":20},"end":{"line":607,"column":20069}},"96":{"start":{"line":612,"column":24},"end":{"line":612,"column":20345}},"97":{"start":{"line":614,"column":28},"end":{"line":614,"column":20446}},"98":{"start":{"line":625,"column":28},"end":{"line":625,"column":53}},"99":{"start":{"line":626,"column":28},"end":{"line":626,"column":60}},"100":{"start":{"line":630,"column":20},"end":{"line":630,"column":28}},"101":{"start":{"line":640,"column":8},"end":{"line":640,"column":21297}},"102":{"start":{"line":645,"column":8},"end":{"line":645,"column":29}},"103":{"start":{"line":646,"column":8},"end":{"line":646,"column":24}},"104":{"start":{"line":647,"column":8},"end":{"line":647,"column":24}},"105":{"start":{"line":649,"column":8},"end":{"line":649,"column":21525}},"106":{"start":{"line":650,"column":12},"end":{"line":650,"column":49}},"107":{"start":{"line":651,"column":12},"end":{"line":651,"column":21661}},"108":{"start":{"line":654,"column":15},"end":{"line":654,"column":21777}},"109":{"start":{"line":657,"column":12},"end":{"line":657,"column":77}},"110":{"start":{"line":658,"column":12},"end":{"line":658,"column":21964}},"111":{"start":{"line":663,"column":8},"end":{"line":663,"column":22084}},"112":{"start":{"line":664,"column":12},"end":{"line":664,"column":40}},"113":{"start":{"line":665,"column":12},"end":{"line":665,"column":22167}},"114":{"start":{"line":672,"column":12},"end":{"line":672,"column":22484}},"115":{"start":{"line":677,"column":12},"end":{"line":677,"column":23}},"116":{"start":{"line":678,"column":12},"end":{"line":678,"column":22709}},"117":{"start":{"line":679,"column":16},"end":{"line":679,"column":22763}},"118":{"start":{"line":680,"column":20},"end":{"line":680,"column":76}},"119":{"start":{"line":682,"column":20},"end":{"line":682,"column":22909}},"120":{"start":{"line":687,"column":20},"end":{"line":687,"column":23095}},"121":{"start":{"line":695,"column":24},"end":{"line":695,"column":23460}},"122":{"start":{"line":706,"column":24},"end":{"line":706,"column":23963}},"123":{"start":{"line":712,"column":20},"end":{"line":712,"column":28}},"124":{"start":{"line":725,"column":8},"end":{"line":725,"column":24534}},"125":{"start":{"line":738,"column":8},"end":{"line":738,"column":24816}},"126":{"start":{"line":739,"column":12},"end":{"line":739,"column":24866}},"127":{"start":{"line":743,"column":12},"end":{"line":743,"column":60}},"128":{"start":{"line":745,"column":12},"end":{"line":745,"column":25086}},"129":{"start":{"line":756,"column":8},"end":{"line":756,"column":28}},"130":{"start":{"line":758,"column":8},"end":{"line":758,"column":25372}},"131":{"start":{"line":759,"column":12},"end":{"line":759,"column":25448}},"132":{"start":{"line":765,"column":12},"end":{"line":765,"column":25725}},"133":{"start":{"line":769,"column":12},"end":{"line":769,"column":63}},"134":{"start":{"line":770,"column":12},"end":{"line":770,"column":63}},"135":{"start":{"line":771,"column":12},"end":{"line":771,"column":72}},"136":{"start":{"line":773,"column":12},"end":{"line":773,"column":26121}},"137":{"start":{"line":781,"column":8},"end":{"line":781,"column":19}},"138":{"start":{"line":796,"column":8},"end":{"line":796,"column":26670}}},"branchMap":{"1":{"line":118,"type":"if","locations":[{"start":{"line":118,"column":8},"end":{"line":118,"column":8}},{"start":{"line":118,"column":8},"end":{"line":118,"column":8}}]},"2":{"line":148,"type":"if","locations":[{"start":{"line":148,"column":8},"end":{"line":148,"column":8}},{"start":{"line":148,"column":8},"end":{"line":148,"column":8}}]},"3":{"line":168,"type":"if","locations":[{"start":{"line":168,"column":8},"end":{"line":168,"column":8}},{"start":{"line":168,"column":8},"end":{"line":168,"column":8}}]},"4":{"line":173,"type":"if","locations":[{"start":{"line":173,"column":8},"end":{"line":173,"column":8}},{"start":{"line":173,"column":8},"end":{"line":173,"column":8}}]},"5":{"line":207,"type":"if","locations":[{"start":{"line":207,"column":8},"end":{"line":207,"column":8}},{"start":{"line":207,"column":8},"end":{"line":207,"column":8}}]},"6":{"line":243,"type":"if","locations":[{"start":{"line":243,"column":8},"end":{"line":243,"column":8}},{"start":{"line":243,"column":8},"end":{"line":243,"column":8}}]},"7":{"line":315,"type":"if","locations":[{"start":{"line":315,"column":8},"end":{"line":315,"column":8}},{"start":{"line":315,"column":8},"end":{"line":315,"column":8}}]},"8":{"line":336,"type":"if","locations":[{"start":{"line":336,"column":8},"end":{"line":336,"column":8}},{"start":{"line":336,"column":8},"end":{"line":336,"column":8}}]},"9":{"line":382,"type":"if","locations":[{"start":{"line":382,"column":8},"end":{"line":382,"column":8}},{"start":{"line":382,"column":8},"end":{"line":382,"column":8}}]},"10":{"line":400,"type":"if","locations":[{"start":{"line":400,"column":8},"end":{"line":400,"column":8}},{"start":{"line":400,"column":8},"end":{"line":400,"column":8}}]},"11":{"line":403,"type":"if","locations":[{"start":{"line":403,"column":13},"end":{"line":403,"column":13}},{"start":{"line":403,"column":13},"end":{"line":403,"column":13}}]},"12":{"line":418,"type":"if","locations":[{"start":{"line":418,"column":12},"end":{"line":418,"column":12}},{"start":{"line":418,"column":12},"end":{"line":418,"column":12}}]},"13":{"line":422,"type":"if","locations":[{"start":{"line":422,"column":12},"end":{"line":422,"column":12}},{"start":{"line":422,"column":12},"end":{"line":422,"column":12}}]},"14":{"line":435,"type":"if","locations":[{"start":{"line":435,"column":8},"end":{"line":435,"column":8}},{"start":{"line":435,"column":8},"end":{"line":435,"column":8}}]},"15":{"line":454,"type":"if","locations":[{"start":{"line":454,"column":12},"end":{"line":454,"column":12}},{"start":{"line":454,"column":12},"end":{"line":454,"column":12}}]},"16":{"line":464,"type":"if","locations":[{"start":{"line":464,"column":8},"end":{"line":464,"column":8}},{"start":{"line":464,"column":8},"end":{"line":464,"column":8}}]},"17":{"line":482,"type":"if","locations":[{"start":{"line":482,"column":8},"end":{"line":482,"column":8}},{"start":{"line":482,"column":8},"end":{"line":482,"column":8}}]},"18":{"line":531,"type":"if","locations":[{"start":{"line":531,"column":8},"end":{"line":531,"column":8}},{"start":{"line":531,"column":8},"end":{"line":531,"column":8}}]},"19":{"line":535,"type":"if","locations":[{"start":{"line":535,"column":8},"end":{"line":535,"column":8}},{"start":{"line":535,"column":8},"end":{"line":535,"column":8}}]},"20":{"line":539,"type":"if","locations":[{"start":{"line":539,"column":8},"end":{"line":539,"column":8}},{"start":{"line":539,"column":8},"end":{"line":539,"column":8}}]},"21":{"line":565,"type":"if","locations":[{"start":{"line":565,"column":9},"end":{"line":565,"column":9}},{"start":{"line":565,"column":9},"end":{"line":565,"column":9}}]},"22":{"line":574,"type":"if","locations":[{"start":{"line":574,"column":8},"end":{"line":574,"column":8}},{"start":{"line":574,"column":8},"end":{"line":574,"column":8}}]},"23":{"line":579,"type":"if","locations":[{"start":{"line":579,"column":15},"end":{"line":579,"column":15}},{"start":{"line":579,"column":15},"end":{"line":579,"column":15}}]},"24":{"line":588,"type":"if","locations":[{"start":{"line":588,"column":8},"end":{"line":588,"column":8}},{"start":{"line":588,"column":8},"end":{"line":588,"column":8}}]},"25":{"line":602,"type":"if","locations":[{"start":{"line":602,"column":16},"end":{"line":602,"column":16}},{"start":{"line":602,"column":16},"end":{"line":602,"column":16}}]},"26":{"line":607,"type":"if","locations":[{"start":{"line":607,"column":20},"end":{"line":607,"column":20}},{"start":{"line":607,"column":20},"end":{"line":607,"column":20}}]},"27":{"line":612,"type":"if","locations":[{"start":{"line":612,"column":24},"end":{"line":612,"column":24}},{"start":{"line":612,"column":24},"end":{"line":612,"column":24}}]},"28":{"line":640,"type":"if","locations":[{"start":{"line":640,"column":8},"end":{"line":640,"column":8}},{"start":{"line":640,"column":8},"end":{"line":640,"column":8}}]},"29":{"line":649,"type":"if","locations":[{"start":{"line":649,"column":8},"end":{"line":649,"column":8}},{"start":{"line":649,"column":8},"end":{"line":649,"column":8}}]},"30":{"line":654,"type":"if","locations":[{"start":{"line":654,"column":15},"end":{"line":654,"column":15}},{"start":{"line":654,"column":15},"end":{"line":654,"column":15}}]},"31":{"line":663,"type":"if","locations":[{"start":{"line":663,"column":8},"end":{"line":663,"column":8}},{"start":{"line":663,"column":8},"end":{"line":663,"column":8}}]},"32":{"line":679,"type":"if","locations":[{"start":{"line":679,"column":16},"end":{"line":679,"column":16}},{"start":{"line":679,"column":16},"end":{"line":679,"column":16}}]},"33":{"line":687,"type":"if","locations":[{"start":{"line":687,"column":20},"end":{"line":687,"column":20}},{"start":{"line":687,"column":20},"end":{"line":687,"column":20}}]},"34":{"line":738,"type":"if","locations":[{"start":{"line":738,"column":8},"end":{"line":738,"column":8}},{"start":{"line":738,"column":8},"end":{"line":738,"column":8}}]},"35":{"line":739,"type":"if","locations":[{"start":{"line":739,"column":12},"end":{"line":739,"column":12}},{"start":{"line":739,"column":12},"end":{"line":739,"column":12}}]},"36":{"line":758,"type":"if","locations":[{"start":{"line":758,"column":8},"end":{"line":758,"column":8}},{"start":{"line":758,"column":8},"end":{"line":758,"column":8}}]},"37":{"line":759,"type":"if","locations":[{"start":{"line":759,"column":12},"end":{"line":759,"column":12}},{"start":{"line":759,"column":12},"end":{"line":759,"column":12}}]}}}}
