TN:
SF:/home/devel-sultana/WFH/research/oro2 (copy)/contracts/TokenA.sol
FN:9,add
FN:15,sub
FN:21,mul
FN:30,div
FN:36,mod
FN:67,constructor
FN:76,onlyOwner
FN:85,allowance
FN:93,approve
FN:104,transfer
FN:118,transferFrom
FN:134,totalSupply
FN:142,balanceOf
FN:146,mint
FNF:14
FNH:7
FNDA:105,add
FNDA:110,sub
FNDA:0,mul
FNDA:0,div
FNDA:0,mod
FNDA:7,constructor
FNDA:0,onlyOwner
FNDA:0,allowance
FNDA:10,approve
FNDA:86,transfer
FNDA:12,transferFrom
FNDA:0,totalSupply
FNDA:240,balanceOf
FNDA:0,mint
DA:10,105
DA:11,105
DA:12,105
DA:16,110
DA:17,110
DA:18,110
DA:22,0
DA:23,0
DA:25,0
DA:26,0
DA:27,0
DA:31,0
DA:32,0
DA:33,0
DA:37,0
DA:38,0
DA:68,7
DA:69,7
DA:70,7
DA:71,7
DA:72,7
DA:73,7
DA:77,0
DA:78,0
DA:86,0
DA:94,10
DA:95,10
DA:96,10
DA:97,10
DA:105,86
DA:106,86
DA:108,86
DA:109,86
DA:110,86
DA:111,86
DA:119,12
DA:120,12
DA:121,12
DA:122,12
DA:123,12
DA:124,12
DA:125,12
DA:126,12
DA:135,0
DA:143,240
DA:147,0
DA:148,0
DA:149,0
DA:150,0
LF:49
LH:31
BRDA:11,1,0,105
BRDA:11,1,1,0
BRDA:16,2,0,110
BRDA:16,2,1,0
BRDA:22,3,0,0
BRDA:22,3,1,0
BRDA:26,4,0,0
BRDA:26,4,1,0
BRDA:31,5,0,0
BRDA:31,5,1,0
BRDA:37,6,0,0
BRDA:37,6,1,0
BRDA:77,7,0,0
BRDA:77,7,1,0
BRDA:94,8,0,10
BRDA:94,8,1,0
BRDA:95,9,0,10
BRDA:95,9,1,0
BRDA:105,10,0,86
BRDA:105,10,1,0
BRDA:106,11,0,86
BRDA:106,11,1,0
BRDA:119,12,0,12
BRDA:119,12,1,0
BRDA:120,13,0,12
BRDA:120,13,1,0
BRDA:121,14,0,12
BRDA:121,14,1,0
BRDA:122,15,0,12
BRDA:122,15,1,0
BRDA:147,16,0,0
BRDA:147,16,1,0
BRF:32
BRH:10
end_of_record
TN:
SF:/home/devel-sultana/WFH/research/oro2 (copy)/contracts/TokenB.sol
FN:9,add
FN:15,sub
FN:21,mul
FN:30,div
FN:36,mod
FN:67,constructor
FN:76,onlyOwner
FN:85,allowance
FN:93,approve
FN:104,transfer
FN:118,transferFrom
FN:134,totalSupply
FN:142,balanceOf
FN:146,mint
FNF:14
FNH:0
FNDA:0,add
FNDA:0,sub
FNDA:0,mul
FNDA:0,div
FNDA:0,mod
FNDA:0,constructor
FNDA:0,onlyOwner
FNDA:0,allowance
FNDA:0,approve
FNDA:0,transfer
FNDA:0,transferFrom
FNDA:0,totalSupply
FNDA:0,balanceOf
FNDA:0,mint
DA:10,0
DA:11,0
DA:12,0
DA:16,0
DA:17,0
DA:18,0
DA:22,0
DA:23,0
DA:25,0
DA:26,0
DA:27,0
DA:31,0
DA:32,0
DA:33,0
DA:37,0
DA:38,0
DA:68,0
DA:69,0
DA:70,0
DA:71,0
DA:72,0
DA:73,0
DA:77,0
DA:78,0
DA:86,0
DA:94,0
DA:95,0
DA:96,0
DA:97,0
DA:105,0
DA:106,0
DA:108,0
DA:109,0
DA:110,0
DA:111,0
DA:119,0
DA:120,0
DA:121,0
DA:122,0
DA:123,0
DA:124,0
DA:125,0
DA:126,0
DA:135,0
DA:143,0
DA:147,0
DA:148,0
DA:149,0
DA:150,0
LF:49
LH:0
BRDA:11,1,0,0
BRDA:11,1,1,0
BRDA:16,2,0,0
BRDA:16,2,1,0
BRDA:22,3,0,0
BRDA:22,3,1,0
BRDA:26,4,0,0
BRDA:26,4,1,0
BRDA:31,5,0,0
BRDA:31,5,1,0
BRDA:37,6,0,0
BRDA:37,6,1,0
BRDA:77,7,0,0
BRDA:77,7,1,0
BRDA:94,8,0,0
BRDA:94,8,1,0
BRDA:95,9,0,0
BRDA:95,9,1,0
BRDA:105,10,0,0
BRDA:105,10,1,0
BRDA:106,11,0,0
BRDA:106,11,1,0
BRDA:119,12,0,0
BRDA:119,12,1,0
BRDA:120,13,0,0
BRDA:120,13,1,0
BRDA:121,14,0,0
BRDA:121,14,1,0
BRDA:122,15,0,0
BRDA:122,15,1,0
BRDA:147,16,0,0
BRDA:147,16,1,0
BRF:32
BRH:0
end_of_record
TN:
SF:/home/devel-sultana/WFH/research/oro2 (copy)/contracts/TokenC.sol
FN:9,add
FN:15,sub
FN:21,mul
FN:30,div
FN:36,mod
FN:67,constructor
FN:76,onlyOwner
FN:85,allowance
FN:93,approve
FN:104,transfer
FN:118,transferFrom
FN:134,totalSupply
FN:142,balanceOf
FN:146,mint
FNF:14
FNH:0
FNDA:0,add
FNDA:0,sub
FNDA:0,mul
FNDA:0,div
FNDA:0,mod
FNDA:0,constructor
FNDA:0,onlyOwner
FNDA:0,allowance
FNDA:0,approve
FNDA:0,transfer
FNDA:0,transferFrom
FNDA:0,totalSupply
FNDA:0,balanceOf
FNDA:0,mint
DA:10,0
DA:11,0
DA:12,0
DA:16,0
DA:17,0
DA:18,0
DA:22,0
DA:23,0
DA:25,0
DA:26,0
DA:27,0
DA:31,0
DA:32,0
DA:33,0
DA:37,0
DA:38,0
DA:68,0
DA:69,0
DA:70,0
DA:71,0
DA:72,0
DA:73,0
DA:77,0
DA:78,0
DA:86,0
DA:94,0
DA:95,0
DA:96,0
DA:97,0
DA:105,0
DA:106,0
DA:108,0
DA:109,0
DA:110,0
DA:111,0
DA:119,0
DA:120,0
DA:121,0
DA:122,0
DA:123,0
DA:124,0
DA:125,0
DA:126,0
DA:135,0
DA:143,0
DA:147,0
DA:148,0
DA:149,0
DA:150,0
LF:49
LH:0
BRDA:11,1,0,0
BRDA:11,1,1,0
BRDA:16,2,0,0
BRDA:16,2,1,0
BRDA:22,3,0,0
BRDA:22,3,1,0
BRDA:26,4,0,0
BRDA:26,4,1,0
BRDA:31,5,0,0
BRDA:31,5,1,0
BRDA:37,6,0,0
BRDA:37,6,1,0
BRDA:77,7,0,0
BRDA:77,7,1,0
BRDA:94,8,0,0
BRDA:94,8,1,0
BRDA:95,9,0,0
BRDA:95,9,1,0
BRDA:105,10,0,0
BRDA:105,10,1,0
BRDA:106,11,0,0
BRDA:106,11,1,0
BRDA:119,12,0,0
BRDA:119,12,1,0
BRDA:120,13,0,0
BRDA:120,13,1,0
BRDA:121,14,0,0
BRDA:121,14,1,0
BRDA:122,15,0,0
BRDA:122,15,1,0
BRDA:147,16,0,0
BRDA:147,16,1,0
BRF:32
BRH:0
end_of_record
TN:
SF:/home/devel-sultana/WFH/research/oro2 (copy)/contracts/TokenD.sol
FN:9,add
FN:15,sub
FN:21,mul
FN:30,div
FN:36,mod
FN:67,constructor
FN:76,onlyOwner
FN:85,allowance
FN:93,approve
FN:104,transfer
FN:118,transferFrom
FN:134,totalSupply
FN:142,balanceOf
FN:146,mint
FNF:14
FNH:0
FNDA:0,add
FNDA:0,sub
FNDA:0,mul
FNDA:0,div
FNDA:0,mod
FNDA:0,constructor
FNDA:0,onlyOwner
FNDA:0,allowance
FNDA:0,approve
FNDA:0,transfer
FNDA:0,transferFrom
FNDA:0,totalSupply
FNDA:0,balanceOf
FNDA:0,mint
DA:10,0
DA:11,0
DA:12,0
DA:16,0
DA:17,0
DA:18,0
DA:22,0
DA:23,0
DA:25,0
DA:26,0
DA:27,0
DA:31,0
DA:32,0
DA:33,0
DA:37,0
DA:38,0
DA:68,0
DA:69,0
DA:70,0
DA:71,0
DA:72,0
DA:73,0
DA:77,0
DA:78,0
DA:86,0
DA:94,0
DA:95,0
DA:96,0
DA:97,0
DA:105,0
DA:106,0
DA:108,0
DA:109,0
DA:110,0
DA:111,0
DA:119,0
DA:120,0
DA:121,0
DA:122,0
DA:123,0
DA:124,0
DA:125,0
DA:126,0
DA:135,0
DA:143,0
DA:147,0
DA:148,0
DA:149,0
DA:150,0
LF:49
LH:0
BRDA:11,1,0,0
BRDA:11,1,1,0
BRDA:16,2,0,0
BRDA:16,2,1,0
BRDA:22,3,0,0
BRDA:22,3,1,0
BRDA:26,4,0,0
BRDA:26,4,1,0
BRDA:31,5,0,0
BRDA:31,5,1,0
BRDA:37,6,0,0
BRDA:37,6,1,0
BRDA:77,7,0,0
BRDA:77,7,1,0
BRDA:94,8,0,0
BRDA:94,8,1,0
BRDA:95,9,0,0
BRDA:95,9,1,0
BRDA:105,10,0,0
BRDA:105,10,1,0
BRDA:106,11,0,0
BRDA:106,11,1,0
BRDA:119,12,0,0
BRDA:119,12,1,0
BRDA:120,13,0,0
BRDA:120,13,1,0
BRDA:121,14,0,0
BRDA:121,14,1,0
BRDA:122,15,0,0
BRDA:122,15,1,0
BRDA:147,16,0,0
BRDA:147,16,1,0
BRF:32
BRH:0
end_of_record
TN:
SF:/home/devel-sultana/WFH/research/oro2 (copy)/contracts/TokenE.sol
FN:9,add
FN:15,sub
FN:21,mul
FN:30,div
FN:36,mod
FN:67,constructor
FN:76,onlyOwner
FN:85,allowance
FN:93,approve
FN:104,transfer
FN:118,transferFrom
FN:134,totalSupply
FN:142,balanceOf
FN:146,mint
FNF:14
FNH:0
FNDA:0,add
FNDA:0,sub
FNDA:0,mul
FNDA:0,div
FNDA:0,mod
FNDA:0,constructor
FNDA:0,onlyOwner
FNDA:0,allowance
FNDA:0,approve
FNDA:0,transfer
FNDA:0,transferFrom
FNDA:0,totalSupply
FNDA:0,balanceOf
FNDA:0,mint
DA:10,0
DA:11,0
DA:12,0
DA:16,0
DA:17,0
DA:18,0
DA:22,0
DA:23,0
DA:25,0
DA:26,0
DA:27,0
DA:31,0
DA:32,0
DA:33,0
DA:37,0
DA:38,0
DA:68,0
DA:69,0
DA:70,0
DA:71,0
DA:72,0
DA:73,0
DA:77,0
DA:78,0
DA:86,0
DA:94,0
DA:95,0
DA:96,0
DA:97,0
DA:105,0
DA:106,0
DA:108,0
DA:109,0
DA:110,0
DA:111,0
DA:119,0
DA:120,0
DA:121,0
DA:122,0
DA:123,0
DA:124,0
DA:125,0
DA:126,0
DA:135,0
DA:143,0
DA:147,0
DA:148,0
DA:149,0
DA:150,0
LF:49
LH:0
BRDA:11,1,0,0
BRDA:11,1,1,0
BRDA:16,2,0,0
BRDA:16,2,1,0
BRDA:22,3,0,0
BRDA:22,3,1,0
BRDA:26,4,0,0
BRDA:26,4,1,0
BRDA:31,5,0,0
BRDA:31,5,1,0
BRDA:37,6,0,0
BRDA:37,6,1,0
BRDA:77,7,0,0
BRDA:77,7,1,0
BRDA:94,8,0,0
BRDA:94,8,1,0
BRDA:95,9,0,0
BRDA:95,9,1,0
BRDA:105,10,0,0
BRDA:105,10,1,0
BRDA:106,11,0,0
BRDA:106,11,1,0
BRDA:119,12,0,0
BRDA:119,12,1,0
BRDA:120,13,0,0
BRDA:120,13,1,0
BRDA:121,14,0,0
BRDA:121,14,1,0
BRDA:122,15,0,0
BRDA:122,15,1,0
BRDA:147,16,0,0
BRDA:147,16,1,0
BRF:32
BRH:0
end_of_record
TN:
SF:/home/devel-sultana/WFH/research/oro2 (copy)/contracts/TokenF.sol
FN:9,add
FN:15,sub
FN:21,mul
FN:30,div
FN:36,mod
FN:67,constructor
FN:76,onlyOwner
FN:85,allowance
FN:93,approve
FN:104,transfer
FN:118,transferFrom
FN:134,totalSupply
FN:142,balanceOf
FN:146,mint
FNF:14
FNH:0
FNDA:0,add
FNDA:0,sub
FNDA:0,mul
FNDA:0,div
FNDA:0,mod
FNDA:0,constructor
FNDA:0,onlyOwner
FNDA:0,allowance
FNDA:0,approve
FNDA:0,transfer
FNDA:0,transferFrom
FNDA:0,totalSupply
FNDA:0,balanceOf
FNDA:0,mint
DA:10,0
DA:11,0
DA:12,0
DA:16,0
DA:17,0
DA:18,0
DA:22,0
DA:23,0
DA:25,0
DA:26,0
DA:27,0
DA:31,0
DA:32,0
DA:33,0
DA:37,0
DA:38,0
DA:68,0
DA:69,0
DA:70,0
DA:71,0
DA:72,0
DA:73,0
DA:77,0
DA:78,0
DA:86,0
DA:94,0
DA:95,0
DA:96,0
DA:97,0
DA:105,0
DA:106,0
DA:108,0
DA:109,0
DA:110,0
DA:111,0
DA:119,0
DA:120,0
DA:121,0
DA:122,0
DA:123,0
DA:124,0
DA:125,0
DA:126,0
DA:135,0
DA:143,0
DA:147,0
DA:148,0
DA:149,0
DA:150,0
LF:49
LH:0
BRDA:11,1,0,0
BRDA:11,1,1,0
BRDA:16,2,0,0
BRDA:16,2,1,0
BRDA:22,3,0,0
BRDA:22,3,1,0
BRDA:26,4,0,0
BRDA:26,4,1,0
BRDA:31,5,0,0
BRDA:31,5,1,0
BRDA:37,6,0,0
BRDA:37,6,1,0
BRDA:77,7,0,0
BRDA:77,7,1,0
BRDA:94,8,0,0
BRDA:94,8,1,0
BRDA:95,9,0,0
BRDA:95,9,1,0
BRDA:105,10,0,0
BRDA:105,10,1,0
BRDA:106,11,0,0
BRDA:106,11,1,0
BRDA:119,12,0,0
BRDA:119,12,1,0
BRDA:120,13,0,0
BRDA:120,13,1,0
BRDA:121,14,0,0
BRDA:121,14,1,0
BRDA:122,15,0,0
BRDA:122,15,1,0
BRDA:147,16,0,0
BRDA:147,16,1,0
BRF:32
BRH:0
end_of_record
TN:
SF:/home/devel-sultana/WFH/research/oro2 (copy)/contracts/Unifarm.sol
FN:116,add
FN:133,sub
FN:147,sub
FN:164,mul
FN:190,div
FN:206,div
FN:226,mod
FN:242,mod
FN:263,_msgSender
FN:267,_msgData
FN:298,constructor
FN:307,owner
FN:314,onlyOwner
FN:326,renounceOwnership
FN:335,transferOwnership
FN:381,addToken
FN:399,setDailyDistribution
FN:414,updateSequence
FN:434,updateToken
FN:446,updateStakeDuration
FN:450,updateIntervalDays
FN:463,changeTokenBlockedStatus
FN:480,safeWithdraw
FN:530,stake
FN:563,viewAvailableRewards
FN:639,claimRewards
FN:720,getOneDayReward
FN:733,sendToken
FN:755,unStake
FN:784,viewStakingDetails
FNF:30
FNH:18
FNDA:36,add
FNDA:93,sub
FNDA:93,sub
FNDA:102,mul
FNDA:62,div
FNDA:62,div
FNDA:0,mod
FNDA:0,mod
FNDA:20,_msgSender
FNDA:0,_msgData
FNDA:1,constructor
FNDA:0,owner
FNDA:19,onlyOwner
FNDA:0,renounceOwnership
FNDA:0,transferOwnership
FNDA:6,addToken
FNDA:6,setDailyDistribution
FNDA:6,updateSequence
FNDA:0,updateToken
FNDA:0,updateStakeDuration
FNDA:0,updateIntervalDays
FNDA:1,changeTokenBlockedStatus
FNDA:0,safeWithdraw
FNDA:12,stake
FNDA:0,viewAvailableRewards
FNDA:11,claimRewards
FNDA:51,getOneDayReward
FNDA:51,sendToken
FNDA:11,unStake
FNDA:0,viewStakingDetails
DA:117,36
DA:118,36
DA:120,36
DA:134,93
DA:148,93
DA:149,93
DA:151,93
DA:168,102
DA:169,0
DA:172,102
DA:173,102
DA:175,102
DA:191,62
DA:207,62
DA:208,62
DA:211,62
DA:227,0
DA:243,0
DA:244,0
DA:264,20
DA:268,0
DA:269,0
DA:299,1
DA:300,1
DA:301,1
DA:308,0
DA:315,19
DA:316,19
DA:327,0
DA:328,0
DA:336,0
DA:337,0
DA:338,0
DA:382,6
DA:383,6
DA:385,6
DA:386,6
DA:387,6
DA:388,6
DA:390,6
DA:396,6
DA:400,6
DA:402,6
DA:403,36
DA:405,36
DA:415,6
DA:417,6
DA:418,36
DA:422,36
DA:426,36
DA:435,0
DA:436,0
DA:437,0
DA:438,0
DA:447,0
DA:451,0
DA:453,0
DA:454,0
DA:455,0
DA:464,1
DA:469,1
DA:470,1
DA:482,0
DA:486,0
DA:531,12
DA:535,12
DA:539,12
DA:545,12
DA:548,12
DA:549,12
DA:550,12
DA:551,12
DA:552,12
DA:553,12
DA:557,12
DA:558,12
DA:559,12
DA:565,0
DA:570,0
DA:571,0
DA:572,0
DA:574,0
DA:575,0
DA:576,0
DA:582,0
DA:583,0
DA:588,0
DA:589,0
DA:590,0
DA:598,0
DA:600,0
DA:601,0
DA:602,0
DA:603,0
DA:605,0
DA:607,0
DA:612,0
DA:614,0
DA:625,0
DA:626,0
DA:630,0
DA:632,0
DA:640,11
DA:645,11
DA:646,11
DA:647,11
DA:649,11
DA:650,4
DA:651,4
DA:657,7
DA:658,7
DA:663,11
DA:664,11
DA:665,11
DA:672,11
DA:677,11
DA:678,11
DA:679,45
DA:680,41
DA:682,41
DA:687,41
DA:695,40
DA:706,40
DA:712,41
DA:714,4
DA:725,51
DA:738,51
DA:739,51
DA:743,51
DA:745,51
DA:756,11
DA:758,11
DA:759,11
DA:765,11
DA:769,11
DA:770,11
DA:771,11
DA:773,11
DA:781,11
DA:796,0
LF:140
LH:91
BRDA:118,1,0,36
BRDA:118,1,1,0
BRDA:148,2,0,93
BRDA:148,2,1,0
BRDA:168,3,0,0
BRDA:168,3,1,102
BRDA:173,4,0,102
BRDA:173,4,1,0
BRDA:207,5,0,62
BRDA:207,5,1,0
BRDA:243,6,0,0
BRDA:243,6,1,0
BRDA:315,7,0,19
BRDA:315,7,1,0
BRDA:336,8,0,0
BRDA:336,8,1,0
BRDA:382,9,0,6
BRDA:382,9,1,0
BRDA:400,10,0,6
BRDA:400,10,1,0
BRDA:403,11,0,36
BRDA:403,11,1,0
BRDA:418,12,0,36
BRDA:418,12,1,0
BRDA:422,13,0,36
BRDA:422,13,1,0
BRDA:435,14,0,0
BRDA:435,14,1,0
BRDA:454,15,0,0
BRDA:454,15,1,0
BRDA:464,16,0,1
BRDA:464,16,1,0
BRDA:482,17,0,0
BRDA:482,17,1,0
BRDA:531,18,0,12
BRDA:531,18,1,0
BRDA:535,19,0,12
BRDA:535,19,1,0
BRDA:539,20,0,12
BRDA:539,20,1,0
BRDA:565,21,0,0
BRDA:565,21,1,0
BRDA:574,22,0,0
BRDA:574,22,1,0
BRDA:579,23,0,0
BRDA:579,23,1,0
BRDA:588,24,0,0
BRDA:588,24,1,0
BRDA:602,25,0,0
BRDA:602,25,1,0
BRDA:607,26,0,0
BRDA:607,26,1,0
BRDA:612,27,0,0
BRDA:612,27,1,0
BRDA:640,28,0,11
BRDA:640,28,1,0
BRDA:649,29,0,4
BRDA:649,29,1,7
BRDA:654,30,0,7
BRDA:654,30,1,0
BRDA:663,31,0,11
BRDA:663,31,1,0
BRDA:679,32,0,41
BRDA:679,32,1,4
BRDA:687,33,0,40
BRDA:687,33,1,1
BRDA:738,34,0,51
BRDA:738,34,1,0
BRDA:739,35,0,51
BRDA:739,35,1,0
BRDA:758,36,0,11
BRDA:758,36,1,0
BRDA:759,37,0,11
BRDA:759,37,1,0
BRF:74
BRH:28
end_of_record
